{"/home/nahisaho/GitHub/LabFlow/packages/core/src/auth/errors.ts": {"path":"/home/nahisaho/GitHub/LabFlow/packages/core/src/auth/errors.ts","all":false,"statementMap":{"7":{"start":{"line":8,"column":0},"end":{"line":8,"column":38}},"8":{"start":{"line":9,"column":0},"end":{"line":9,"column":14}},"9":{"start":{"line":10,"column":0},"end":{"line":10,"column":20}},"10":{"start":{"line":11,"column":0},"end":{"line":11,"column":33}},"11":{"start":{"line":12,"column":0},"end":{"line":12,"column":44}},"12":{"start":{"line":13,"column":0},"end":{"line":13,"column":5}},"13":{"start":{"line":14,"column":0},"end":{"line":14,"column":19}},"14":{"start":{"line":15,"column":0},"end":{"line":15,"column":28}},"15":{"start":{"line":16,"column":0},"end":{"line":16,"column":3}},"16":{"start":{"line":17,"column":0},"end":{"line":17,"column":1}},"21":{"start":{"line":22,"column":0},"end":{"line":22,"column":56}},"22":{"start":{"line":23,"column":0},"end":{"line":23,"column":54}},"23":{"start":{"line":24,"column":0},"end":{"line":24,"column":47}},"24":{"start":{"line":25,"column":0},"end":{"line":25,"column":42}},"25":{"start":{"line":26,"column":0},"end":{"line":26,"column":3}},"26":{"start":{"line":27,"column":0},"end":{"line":27,"column":1}},"31":{"start":{"line":32,"column":0},"end":{"line":32,"column":50}},"32":{"start":{"line":33,"column":0},"end":{"line":33,"column":43}},"33":{"start":{"line":34,"column":0},"end":{"line":34,"column":42}},"34":{"start":{"line":35,"column":0},"end":{"line":35,"column":36}},"35":{"start":{"line":36,"column":0},"end":{"line":36,"column":3}},"36":{"start":{"line":37,"column":0},"end":{"line":37,"column":1}},"41":{"start":{"line":42,"column":0},"end":{"line":42,"column":52}},"42":{"start":{"line":43,"column":0},"end":{"line":43,"column":48}},"43":{"start":{"line":44,"column":0},"end":{"line":44,"column":43}},"44":{"start":{"line":45,"column":0},"end":{"line":45,"column":38}},"45":{"start":{"line":46,"column":0},"end":{"line":46,"column":3}},"46":{"start":{"line":47,"column":0},"end":{"line":47,"column":1}},"52":{"start":{"line":53,"column":0},"end":{"line":53,"column":51}},"53":{"start":{"line":54,"column":0},"end":{"line":54,"column":36}},"55":{"start":{"line":56,"column":0},"end":{"line":56,"column":34}},"56":{"start":{"line":57,"column":0},"end":{"line":57,"column":100}},"57":{"start":{"line":58,"column":0},"end":{"line":58,"column":71}},"58":{"start":{"line":59,"column":0},"end":{"line":59,"column":37}},"59":{"start":{"line":60,"column":0},"end":{"line":60,"column":35}},"60":{"start":{"line":61,"column":0},"end":{"line":61,"column":3}},"61":{"start":{"line":62,"column":0},"end":{"line":62,"column":1}},"66":{"start":{"line":67,"column":0},"end":{"line":67,"column":59}},"67":{"start":{"line":68,"column":0},"end":{"line":68,"column":37}},"68":{"start":{"line":69,"column":0},"end":{"line":69,"column":10}},"69":{"start":{"line":70,"column":0},"end":{"line":70,"column":68}},"70":{"start":{"line":71,"column":0},"end":{"line":71,"column":32}},"71":{"start":{"line":72,"column":0},"end":{"line":72,"column":9}},"72":{"start":{"line":73,"column":0},"end":{"line":73,"column":6}},"73":{"start":{"line":74,"column":0},"end":{"line":74,"column":45}},"74":{"start":{"line":75,"column":0},"end":{"line":75,"column":3}},"75":{"start":{"line":76,"column":0},"end":{"line":76,"column":1}},"80":{"start":{"line":81,"column":0},"end":{"line":81,"column":50}},"81":{"start":{"line":82,"column":0},"end":{"line":82,"column":53}},"82":{"start":{"line":83,"column":0},"end":{"line":83,"column":41}},"83":{"start":{"line":84,"column":0},"end":{"line":84,"column":36}},"84":{"start":{"line":85,"column":0},"end":{"line":85,"column":3}},"85":{"start":{"line":86,"column":0},"end":{"line":86,"column":1}}},"s":{"7":1,"8":1,"9":35,"10":35,"11":35,"12":35,"13":35,"14":35,"15":35,"16":1,"21":1,"22":1,"23":21,"24":21,"25":21,"26":1,"31":1,"32":1,"33":2,"34":2,"35":2,"36":1,"41":1,"42":1,"43":1,"44":1,"45":1,"46":1,"52":1,"53":5,"55":5,"56":5,"57":5,"58":5,"59":5,"60":5,"61":5,"66":1,"67":1,"68":3,"69":3,"70":3,"71":3,"72":3,"73":3,"74":3,"75":1,"80":1,"81":1,"82":1,"83":1,"84":1,"85":1},"branchMap":{"0":{"type":"branch","line":9,"loc":{"start":{"line":9,"column":2},"end":{"line":16,"column":3}},"locations":[{"start":{"line":9,"column":2},"end":{"line":16,"column":3}}]},"1":{"type":"branch","line":23,"loc":{"start":{"line":23,"column":2},"end":{"line":26,"column":3}},"locations":[{"start":{"line":23,"column":2},"end":{"line":26,"column":3}}]},"2":{"type":"branch","line":33,"loc":{"start":{"line":33,"column":2},"end":{"line":36,"column":3}},"locations":[{"start":{"line":33,"column":2},"end":{"line":36,"column":3}}]},"3":{"type":"branch","line":43,"loc":{"start":{"line":43,"column":2},"end":{"line":46,"column":3}},"locations":[{"start":{"line":43,"column":2},"end":{"line":46,"column":3}}]},"4":{"type":"branch","line":53,"loc":{"start":{"line":53,"column":50},"end":{"line":62,"column":1}},"locations":[{"start":{"line":53,"column":50},"end":{"line":62,"column":1}}]},"5":{"type":"branch","line":56,"loc":{"start":{"line":56,"column":2},"end":{"line":61,"column":3}},"locations":[{"start":{"line":56,"column":2},"end":{"line":61,"column":3}}]},"6":{"type":"branch","line":68,"loc":{"start":{"line":68,"column":2},"end":{"line":75,"column":3}},"locations":[{"start":{"line":68,"column":2},"end":{"line":75,"column":3}}]},"7":{"type":"branch","line":82,"loc":{"start":{"line":82,"column":2},"end":{"line":85,"column":3}},"locations":[{"start":{"line":82,"column":2},"end":{"line":85,"column":3}}]}},"b":{"0":[35],"1":[21],"2":[2],"3":[1],"4":[5],"5":[5],"6":[3],"7":[1]},"fnMap":{"0":{"name":"AuthError","decl":{"start":{"line":9,"column":2},"end":{"line":16,"column":3}},"loc":{"start":{"line":9,"column":2},"end":{"line":16,"column":3}},"line":9},"1":{"name":"InvalidCredentialsError","decl":{"start":{"line":23,"column":2},"end":{"line":26,"column":3}},"loc":{"start":{"line":23,"column":2},"end":{"line":26,"column":3}},"line":23},"2":{"name":"UserNotFoundError","decl":{"start":{"line":33,"column":2},"end":{"line":36,"column":3}},"loc":{"start":{"line":33,"column":2},"end":{"line":36,"column":3}},"line":33},"3":{"name":"SessionExpiredError","decl":{"start":{"line":43,"column":2},"end":{"line":46,"column":3}},"loc":{"start":{"line":43,"column":2},"end":{"line":46,"column":3}},"line":43},"4":{"name":"<instance_members_initializer>","decl":{"start":{"line":53,"column":50},"end":{"line":62,"column":1}},"loc":{"start":{"line":53,"column":50},"end":{"line":62,"column":1}},"line":53},"5":{"name":"AccountLockedError","decl":{"start":{"line":56,"column":2},"end":{"line":61,"column":3}},"loc":{"start":{"line":56,"column":2},"end":{"line":61,"column":3}},"line":56},"6":{"name":"ProviderNotConfiguredError","decl":{"start":{"line":68,"column":2},"end":{"line":75,"column":3}},"loc":{"start":{"line":68,"column":2},"end":{"line":75,"column":3}},"line":68},"7":{"name":"InvalidTokenError","decl":{"start":{"line":82,"column":2},"end":{"line":85,"column":3}},"loc":{"start":{"line":82,"column":2},"end":{"line":85,"column":3}},"line":82}},"f":{"0":35,"1":21,"2":2,"3":1,"4":5,"5":5,"6":3,"7":1}}
,"/home/nahisaho/GitHub/LabFlow/packages/core/src/auth/service.ts": {"path":"/home/nahisaho/GitHub/LabFlow/packages/core/src/auth/service.ts","all":false,"statementMap":{"0":{"start":{"line":1,"column":0},"end":{"line":1,"column":3}},"18":{"start":{"line":19,"column":0},"end":{"line":19,"column":26}},"19":{"start":{"line":20,"column":0},"end":{"line":20,"column":33}},"21":{"start":{"line":22,"column":0},"end":{"line":22,"column":40}},"22":{"start":{"line":23,"column":0},"end":{"line":23,"column":68}},"23":{"start":{"line":24,"column":0},"end":{"line":24,"column":3}},"28":{"start":{"line":29,"column":0},"end":{"line":29,"column":39}},"29":{"start":{"line":30,"column":0},"end":{"line":30,"column":30}},"30":{"start":{"line":31,"column":0},"end":{"line":31,"column":3}},"35":{"start":{"line":36,"column":0},"end":{"line":36,"column":47}},"36":{"start":{"line":37,"column":0},"end":{"line":37,"column":55}},"37":{"start":{"line":38,"column":0},"end":{"line":38,"column":3}},"42":{"start":{"line":43,"column":0},"end":{"line":43,"column":73}},"43":{"start":{"line":44,"column":0},"end":{"line":44,"column":51}},"44":{"start":{"line":45,"column":0},"end":{"line":45,"column":3}},"49":{"start":{"line":50,"column":0},"end":{"line":50,"column":66}},"50":{"start":{"line":51,"column":0},"end":{"line":51,"column":48}},"51":{"start":{"line":52,"column":0},"end":{"line":52,"column":3}},"56":{"start":{"line":57,"column":0},"end":{"line":57,"column":46}},"57":{"start":{"line":58,"column":0},"end":{"line":58,"column":46}},"58":{"start":{"line":59,"column":0},"end":{"line":59,"column":3}},"63":{"start":{"line":64,"column":0},"end":{"line":64,"column":51}},"64":{"start":{"line":65,"column":0},"end":{"line":65,"column":36}},"65":{"start":{"line":66,"column":0},"end":{"line":66,"column":52}},"66":{"start":{"line":67,"column":0},"end":{"line":67,"column":5}},"67":{"start":{"line":68,"column":0},"end":{"line":68,"column":16}},"68":{"start":{"line":69,"column":0},"end":{"line":69,"column":3}},"73":{"start":{"line":74,"column":0},"end":{"line":74,"column":77}},"74":{"start":{"line":75,"column":0},"end":{"line":75,"column":39}},"75":{"start":{"line":76,"column":0},"end":{"line":76,"column":50}},"76":{"start":{"line":77,"column":0},"end":{"line":77,"column":5}},"77":{"start":{"line":78,"column":0},"end":{"line":78,"column":67}},"78":{"start":{"line":79,"column":0},"end":{"line":79,"column":3}},"79":{"start":{"line":80,"column":0},"end":{"line":80,"column":1}}},"s":{"0":1,"18":1,"19":17,"21":17,"22":17,"23":17,"28":17,"29":3,"30":3,"35":17,"36":1,"37":1,"42":17,"43":5,"44":5,"49":17,"50":2,"51":2,"56":17,"57":1,"58":1,"63":17,"64":2,"65":1,"66":1,"67":1,"68":2,"73":17,"74":2,"75":1,"76":1,"77":1,"78":2,"79":17},"branchMap":{"0":{"type":"branch","line":19,"loc":{"start":{"line":19,"column":25},"end":{"line":80,"column":1}},"locations":[{"start":{"line":19,"column":25},"end":{"line":80,"column":1}}]},"1":{"type":"branch","line":22,"loc":{"start":{"line":22,"column":2},"end":{"line":24,"column":3}},"locations":[{"start":{"line":22,"column":2},"end":{"line":24,"column":3}}]},"2":{"type":"branch","line":23,"loc":{"start":{"line":23,"column":20},"end":{"line":23,"column":68}},"locations":[{"start":{"line":23,"column":20},"end":{"line":23,"column":68}}]},"3":{"type":"branch","line":29,"loc":{"start":{"line":29,"column":2},"end":{"line":31,"column":3}},"locations":[{"start":{"line":29,"column":2},"end":{"line":31,"column":3}}]},"4":{"type":"branch","line":36,"loc":{"start":{"line":36,"column":2},"end":{"line":38,"column":3}},"locations":[{"start":{"line":36,"column":2},"end":{"line":38,"column":3}}]},"5":{"type":"branch","line":43,"loc":{"start":{"line":43,"column":2},"end":{"line":45,"column":3}},"locations":[{"start":{"line":43,"column":2},"end":{"line":45,"column":3}}]},"6":{"type":"branch","line":50,"loc":{"start":{"line":50,"column":2},"end":{"line":52,"column":3}},"locations":[{"start":{"line":50,"column":2},"end":{"line":52,"column":3}}]},"7":{"type":"branch","line":57,"loc":{"start":{"line":57,"column":2},"end":{"line":59,"column":3}},"locations":[{"start":{"line":57,"column":2},"end":{"line":59,"column":3}}]},"8":{"type":"branch","line":64,"loc":{"start":{"line":64,"column":2},"end":{"line":69,"column":3}},"locations":[{"start":{"line":64,"column":2},"end":{"line":69,"column":3}}]},"9":{"type":"branch","line":65,"loc":{"start":{"line":65,"column":35},"end":{"line":68,"column":16}},"locations":[{"start":{"line":65,"column":35},"end":{"line":68,"column":16}}]},"10":{"type":"branch","line":74,"loc":{"start":{"line":74,"column":2},"end":{"line":79,"column":3}},"locations":[{"start":{"line":74,"column":2},"end":{"line":79,"column":3}}]},"11":{"type":"branch","line":75,"loc":{"start":{"line":75,"column":38},"end":{"line":78,"column":67}},"locations":[{"start":{"line":75,"column":38},"end":{"line":78,"column":67}}]}},"b":{"0":[17],"1":[17],"2":[0],"3":[3],"4":[1],"5":[5],"6":[2],"7":[1],"8":[2],"9":[1],"10":[2],"11":[1]},"fnMap":{"0":{"name":"<instance_members_initializer>","decl":{"start":{"line":19,"column":25},"end":{"line":80,"column":1}},"loc":{"start":{"line":19,"column":25},"end":{"line":80,"column":1}},"line":19},"1":{"name":"AuthService","decl":{"start":{"line":22,"column":2},"end":{"line":24,"column":3}},"loc":{"start":{"line":22,"column":2},"end":{"line":24,"column":3}},"line":22},"2":{"name":"getProviderType","decl":{"start":{"line":29,"column":2},"end":{"line":31,"column":3}},"loc":{"start":{"line":29,"column":2},"end":{"line":31,"column":3}},"line":29},"3":{"name":"getAvailableProviders","decl":{"start":{"line":36,"column":2},"end":{"line":38,"column":3}},"loc":{"start":{"line":36,"column":2},"end":{"line":38,"column":3}},"line":36},"4":{"name":"authenticate","decl":{"start":{"line":43,"column":2},"end":{"line":45,"column":3}},"loc":{"start":{"line":43,"column":2},"end":{"line":45,"column":3}},"line":43},"5":{"name":"validateSession","decl":{"start":{"line":50,"column":2},"end":{"line":52,"column":3}},"loc":{"start":{"line":50,"column":2},"end":{"line":52,"column":3}},"line":50},"6":{"name":"logout","decl":{"start":{"line":57,"column":2},"end":{"line":59,"column":3}},"loc":{"start":{"line":57,"column":2},"end":{"line":59,"column":3}},"line":57},"7":{"name":"getLoginUrl","decl":{"start":{"line":64,"column":2},"end":{"line":69,"column":3}},"loc":{"start":{"line":64,"column":2},"end":{"line":69,"column":3}},"line":64},"8":{"name":"handleCallback","decl":{"start":{"line":74,"column":2},"end":{"line":79,"column":3}},"loc":{"start":{"line":74,"column":2},"end":{"line":79,"column":3}},"line":74}},"f":{"0":17,"1":17,"2":3,"3":1,"4":5,"5":2,"6":1,"7":2,"8":2}}
,"/home/nahisaho/GitHub/LabFlow/packages/core/src/auth/types.ts": {"path":"/home/nahisaho/GitHub/LabFlow/packages/core/src/auth/types.ts","all":true,"statementMap":{},"s":{},"branchMap":{"0":{"type":"branch","line":1,"loc":{"start":{"line":1,"column":3093},"end":{"line":161,"column":29}},"locations":[{"start":{"line":1,"column":3093},"end":{"line":161,"column":29}}]}},"b":{"0":[1]},"fnMap":{"0":{"name":"(empty-report)","decl":{"start":{"line":1,"column":3093},"end":{"line":161,"column":29}},"loc":{"start":{"line":1,"column":3093},"end":{"line":161,"column":29}},"line":1}},"f":{"0":1}}
,"/home/nahisaho/GitHub/LabFlow/packages/core/src/auth/providers/entra.ts": {"path":"/home/nahisaho/GitHub/LabFlow/packages/core/src/auth/providers/entra.ts","all":false,"statementMap":{"0":{"start":{"line":1,"column":0},"end":{"line":1,"column":3}},"19":{"start":{"line":20,"column":0},"end":{"line":20,"column":54}},"20":{"start":{"line":21,"column":0},"end":{"line":21,"column":35}},"21":{"start":{"line":22,"column":0},"end":{"line":22,"column":47}},"23":{"start":{"line":24,"column":0},"end":{"line":24,"column":44}},"24":{"start":{"line":25,"column":0},"end":{"line":25,"column":25}},"25":{"start":{"line":26,"column":0},"end":{"line":26,"column":3}},"30":{"start":{"line":31,"column":0},"end":{"line":31,"column":73}},"31":{"start":{"line":32,"column":0},"end":{"line":32,"column":39}},"32":{"start":{"line":33,"column":0},"end":{"line":33,"column":67}},"33":{"start":{"line":34,"column":0},"end":{"line":34,"column":5}},"35":{"start":{"line":36,"column":0},"end":{"line":36,"column":60}},"38":{"start":{"line":39,"column":0},"end":{"line":39,"column":58}},"41":{"start":{"line":42,"column":0},"end":{"line":42,"column":61}},"43":{"start":{"line":44,"column":0},"end":{"line":44,"column":12}},"44":{"start":{"line":45,"column":0},"end":{"line":45,"column":11}},"45":{"start":{"line":46,"column":0},"end":{"line":46,"column":33}},"46":{"start":{"line":47,"column":0},"end":{"line":47,"column":41}},"47":{"start":{"line":48,"column":0},"end":{"line":48,"column":65}},"48":{"start":{"line":49,"column":0},"end":{"line":49,"column":6}},"49":{"start":{"line":50,"column":0},"end":{"line":50,"column":3}},"54":{"start":{"line":55,"column":0},"end":{"line":55,"column":66}},"55":{"start":{"line":56,"column":0},"end":{"line":56,"column":9}},"57":{"start":{"line":58,"column":0},"end":{"line":58,"column":35}},"58":{"start":{"line":59,"column":0},"end":{"line":59,"column":46}},"59":{"start":{"line":60,"column":0},"end":{"line":60,"column":9}},"60":{"start":{"line":61,"column":0},"end":{"line":61,"column":20}},"61":{"start":{"line":62,"column":0},"end":{"line":62,"column":45}},"62":{"start":{"line":63,"column":0},"end":{"line":63,"column":12}},"63":{"start":{"line":64,"column":0},"end":{"line":64,"column":9}},"64":{"start":{"line":65,"column":0},"end":{"line":65,"column":8}},"66":{"start":{"line":67,"column":0},"end":{"line":67,"column":25}},"67":{"start":{"line":68,"column":0},"end":{"line":68,"column":20}},"68":{"start":{"line":69,"column":0},"end":{"line":69,"column":7}},"70":{"start":{"line":71,"column":0},"end":{"line":71,"column":48}},"79":{"start":{"line":80,"column":0},"end":{"line":80,"column":14}},"80":{"start":{"line":81,"column":0},"end":{"line":81,"column":23}},"81":{"start":{"line":82,"column":0},"end":{"line":82,"column":57}},"82":{"start":{"line":83,"column":0},"end":{"line":83,"column":41}},"83":{"start":{"line":84,"column":0},"end":{"line":84,"column":58}},"84":{"start":{"line":85,"column":0},"end":{"line":85,"column":26}},"85":{"start":{"line":86,"column":0},"end":{"line":86,"column":21}},"86":{"start":{"line":87,"column":0},"end":{"line":87,"column":37}},"87":{"start":{"line":88,"column":0},"end":{"line":88,"column":41}},"88":{"start":{"line":89,"column":0},"end":{"line":89,"column":10}},"89":{"start":{"line":90,"column":0},"end":{"line":90,"column":8}},"90":{"start":{"line":91,"column":0},"end":{"line":91,"column":13}},"91":{"start":{"line":92,"column":0},"end":{"line":92,"column":18}},"92":{"start":{"line":93,"column":0},"end":{"line":93,"column":5}},"93":{"start":{"line":94,"column":0},"end":{"line":94,"column":3}},"98":{"start":{"line":99,"column":0},"end":{"line":99,"column":53}},"101":{"start":{"line":102,"column":0},"end":{"line":102,"column":3}},"106":{"start":{"line":107,"column":0},"end":{"line":107,"column":44}},"107":{"start":{"line":108,"column":0},"end":{"line":108,"column":40}},"108":{"start":{"line":109,"column":0},"end":{"line":109,"column":38}},"109":{"start":{"line":110,"column":0},"end":{"line":110,"column":28}},"110":{"start":{"line":111,"column":0},"end":{"line":111,"column":59}},"111":{"start":{"line":112,"column":0},"end":{"line":112,"column":29}},"112":{"start":{"line":113,"column":0},"end":{"line":113,"column":69}},"113":{"start":{"line":114,"column":0},"end":{"line":114,"column":34}},"114":{"start":{"line":115,"column":0},"end":{"line":115,"column":7}},"116":{"start":{"line":117,"column":0},"end":{"line":117,"column":103}},"117":{"start":{"line":118,"column":0},"end":{"line":118,"column":3}},"122":{"start":{"line":123,"column":0},"end":{"line":123,"column":77}},"123":{"start":{"line":124,"column":0},"end":{"line":124,"column":61}},"125":{"start":{"line":126,"column":0},"end":{"line":126,"column":16}},"126":{"start":{"line":127,"column":0},"end":{"line":127,"column":68}},"127":{"start":{"line":128,"column":0},"end":{"line":128,"column":5}},"129":{"start":{"line":130,"column":0},"end":{"line":130,"column":16}},"130":{"start":{"line":131,"column":0},"end":{"line":131,"column":75}},"131":{"start":{"line":132,"column":0},"end":{"line":132,"column":5}},"133":{"start":{"line":134,"column":0},"end":{"line":134,"column":30}},"134":{"start":{"line":135,"column":0},"end":{"line":135,"column":20}},"135":{"start":{"line":136,"column":0},"end":{"line":136,"column":11}},"136":{"start":{"line":137,"column":0},"end":{"line":137,"column":25}},"137":{"start":{"line":138,"column":0},"end":{"line":138,"column":27}},"138":{"start":{"line":139,"column":0},"end":{"line":139,"column":3}},"143":{"start":{"line":144,"column":0},"end":{"line":144,"column":62}},"148":{"start":{"line":149,"column":0},"end":{"line":149,"column":6}},"149":{"start":{"line":150,"column":0},"end":{"line":150,"column":33}},"150":{"start":{"line":151,"column":0},"end":{"line":151,"column":84}},"151":{"start":{"line":152,"column":0},"end":{"line":152,"column":7}},"152":{"start":{"line":153,"column":0},"end":{"line":153,"column":23}},"153":{"start":{"line":154,"column":0},"end":{"line":154,"column":18}},"154":{"start":{"line":155,"column":0},"end":{"line":155,"column":62}},"155":{"start":{"line":156,"column":0},"end":{"line":156,"column":10}},"156":{"start":{"line":157,"column":0},"end":{"line":157,"column":35}},"157":{"start":{"line":158,"column":0},"end":{"line":158,"column":42}},"158":{"start":{"line":159,"column":0},"end":{"line":159,"column":50}},"159":{"start":{"line":160,"column":0},"end":{"line":160,"column":15}},"160":{"start":{"line":161,"column":0},"end":{"line":161,"column":48}},"161":{"start":{"line":162,"column":0},"end":{"line":162,"column":43}},"162":{"start":{"line":163,"column":0},"end":{"line":163,"column":11}},"163":{"start":{"line":164,"column":0},"end":{"line":164,"column":7}},"164":{"start":{"line":165,"column":0},"end":{"line":165,"column":6}},"166":{"start":{"line":167,"column":0},"end":{"line":167,"column":23}},"167":{"start":{"line":168,"column":0},"end":{"line":168,"column":76}},"168":{"start":{"line":169,"column":0},"end":{"line":169,"column":40}},"169":{"start":{"line":170,"column":0},"end":{"line":170,"column":58}},"170":{"start":{"line":171,"column":0},"end":{"line":171,"column":8}},"171":{"start":{"line":172,"column":0},"end":{"line":172,"column":5}},"173":{"start":{"line":174,"column":0},"end":{"line":174,"column":39}},"179":{"start":{"line":180,"column":0},"end":{"line":180,"column":3}},"184":{"start":{"line":185,"column":0},"end":{"line":185,"column":69}},"186":{"start":{"line":187,"column":0},"end":{"line":187,"column":37}},"187":{"start":{"line":188,"column":0},"end":{"line":188,"column":42}},"188":{"start":{"line":189,"column":0},"end":{"line":189,"column":61}},"189":{"start":{"line":190,"column":0},"end":{"line":190,"column":5}},"191":{"start":{"line":192,"column":0},"end":{"line":192,"column":31}},"192":{"start":{"line":193,"column":0},"end":{"line":193,"column":55}},"193":{"start":{"line":194,"column":0},"end":{"line":194,"column":10}},"205":{"start":{"line":206,"column":0},"end":{"line":206,"column":47}},"206":{"start":{"line":207,"column":0},"end":{"line":207,"column":54}},"207":{"start":{"line":208,"column":0},"end":{"line":208,"column":5}},"209":{"start":{"line":210,"column":0},"end":{"line":210,"column":46}},"210":{"start":{"line":211,"column":0},"end":{"line":211,"column":66}},"211":{"start":{"line":212,"column":0},"end":{"line":212,"column":34}},"213":{"start":{"line":214,"column":0},"end":{"line":214,"column":32}},"214":{"start":{"line":215,"column":0},"end":{"line":215,"column":73}},"215":{"start":{"line":216,"column":0},"end":{"line":216,"column":5}},"217":{"start":{"line":218,"column":0},"end":{"line":218,"column":12}},"218":{"start":{"line":219,"column":0},"end":{"line":219,"column":17}},"219":{"start":{"line":220,"column":0},"end":{"line":220,"column":23}},"220":{"start":{"line":221,"column":0},"end":{"line":221,"column":41}},"221":{"start":{"line":222,"column":0},"end":{"line":222,"column":55}},"222":{"start":{"line":223,"column":0},"end":{"line":223,"column":24}},"223":{"start":{"line":224,"column":0},"end":{"line":224,"column":19}},"224":{"start":{"line":225,"column":0},"end":{"line":225,"column":25}},"225":{"start":{"line":226,"column":0},"end":{"line":226,"column":25}},"226":{"start":{"line":227,"column":0},"end":{"line":227,"column":8}},"227":{"start":{"line":228,"column":0},"end":{"line":228,"column":6}},"228":{"start":{"line":229,"column":0},"end":{"line":229,"column":3}},"233":{"start":{"line":234,"column":0},"end":{"line":234,"column":35}},"234":{"start":{"line":235,"column":0},"end":{"line":235,"column":31}},"235":{"start":{"line":236,"column":0},"end":{"line":236,"column":3}},"236":{"start":{"line":237,"column":0},"end":{"line":237,"column":1}}},"s":{"0":1,"19":1,"20":2,"21":2,"23":2,"24":2,"25":2,"30":2,"31":0,"32":0,"33":0,"35":0,"38":0,"41":0,"43":0,"44":0,"45":0,"46":0,"47":0,"48":0,"49":0,"54":2,"55":0,"57":0,"58":0,"59":0,"60":0,"61":0,"62":0,"63":0,"64":0,"66":0,"67":0,"68":0,"70":0,"79":0,"80":0,"81":0,"82":0,"83":0,"84":0,"85":0,"86":0,"87":0,"88":0,"89":0,"90":0,"91":0,"92":0,"93":0,"98":2,"101":0,"106":2,"107":0,"108":0,"109":0,"110":0,"111":0,"112":0,"113":0,"114":0,"116":0,"117":0,"122":2,"123":0,"125":0,"126":0,"127":0,"129":0,"130":0,"131":0,"133":0,"134":0,"135":0,"136":0,"137":0,"138":0,"143":2,"148":0,"149":0,"150":0,"151":0,"152":0,"153":0,"154":0,"155":0,"156":0,"157":0,"158":0,"159":0,"160":0,"161":0,"162":0,"163":0,"164":0,"166":0,"167":0,"168":0,"169":0,"170":0,"171":0,"173":0,"179":0,"184":2,"186":0,"187":0,"188":0,"189":0,"191":0,"192":0,"193":0,"205":0,"206":0,"207":0,"209":0,"210":0,"211":0,"213":0,"214":0,"215":0,"217":0,"218":0,"219":0,"220":0,"221":0,"222":0,"223":0,"224":0,"225":0,"226":0,"227":0,"228":0,"233":2,"234":0,"235":0,"236":2},"branchMap":{"0":{"type":"branch","line":20,"loc":{"start":{"line":20,"column":53},"end":{"line":237,"column":1}},"locations":[{"start":{"line":20,"column":53},"end":{"line":237,"column":1}}]},"1":{"type":"branch","line":24,"loc":{"start":{"line":24,"column":2},"end":{"line":26,"column":3}},"locations":[{"start":{"line":24,"column":2},"end":{"line":26,"column":3}}]}},"b":{"0":[2],"1":[2]},"fnMap":{"0":{"name":"<instance_members_initializer>","decl":{"start":{"line":20,"column":53},"end":{"line":237,"column":1}},"loc":{"start":{"line":20,"column":53},"end":{"line":237,"column":1}},"line":20},"1":{"name":"EntraIDProvider","decl":{"start":{"line":24,"column":2},"end":{"line":26,"column":3}},"loc":{"start":{"line":24,"column":2},"end":{"line":26,"column":3}},"line":24},"2":{"name":"authenticate","decl":{"start":{"line":31,"column":2},"end":{"line":50,"column":3}},"loc":{"start":{"line":31,"column":2},"end":{"line":50,"column":3}},"line":31},"3":{"name":"validateSession","decl":{"start":{"line":55,"column":2},"end":{"line":94,"column":3}},"loc":{"start":{"line":55,"column":2},"end":{"line":94,"column":3}},"line":55},"4":{"name":"revokeSession","decl":{"start":{"line":99,"column":2},"end":{"line":102,"column":3}},"loc":{"start":{"line":99,"column":2},"end":{"line":102,"column":3}},"line":99},"5":{"name":"getLoginUrl","decl":{"start":{"line":107,"column":2},"end":{"line":118,"column":3}},"loc":{"start":{"line":107,"column":2},"end":{"line":118,"column":3}},"line":107},"6":{"name":"handleCallback","decl":{"start":{"line":123,"column":2},"end":{"line":139,"column":3}},"loc":{"start":{"line":123,"column":2},"end":{"line":139,"column":3}},"line":123},"7":{"name":"exchangeCodeForTokens","decl":{"start":{"line":144,"column":2},"end":{"line":180,"column":3}},"loc":{"start":{"line":144,"column":2},"end":{"line":180,"column":3}},"line":144},"8":{"name":"validateIdToken","decl":{"start":{"line":185,"column":2},"end":{"line":229,"column":3}},"loc":{"start":{"line":185,"column":2},"end":{"line":229,"column":3}},"line":185},"9":{"name":"generateState","decl":{"start":{"line":234,"column":10},"end":{"line":236,"column":3}},"loc":{"start":{"line":234,"column":10},"end":{"line":236,"column":3}},"line":234}},"f":{"0":2,"1":2,"2":0,"3":0,"4":0,"5":0,"6":0,"7":0,"8":0,"9":0}}
,"/home/nahisaho/GitHub/LabFlow/packages/core/src/auth/providers/factory.ts": {"path":"/home/nahisaho/GitHub/LabFlow/packages/core/src/auth/providers/factory.ts","all":false,"statementMap":{"0":{"start":{"line":1,"column":0},"end":{"line":1,"column":3}},"28":{"start":{"line":29,"column":0},"end":{"line":29,"column":34}},"29":{"start":{"line":30,"column":0},"end":{"line":30,"column":71}},"38":{"start":{"line":39,"column":0},"end":{"line":39,"column":55}},"39":{"start":{"line":40,"column":0},"end":{"line":40,"column":26}},"40":{"start":{"line":41,"column":0},"end":{"line":41,"column":19}},"41":{"start":{"line":42,"column":0},"end":{"line":42,"column":68}},"42":{"start":{"line":43,"column":0},"end":{"line":43,"column":19}},"43":{"start":{"line":44,"column":0},"end":{"line":44,"column":66}},"44":{"start":{"line":45,"column":0},"end":{"line":45,"column":24}},"45":{"start":{"line":46,"column":0},"end":{"line":46,"column":74}},"46":{"start":{"line":47,"column":0},"end":{"line":47,"column":14}},"47":{"start":{"line":48,"column":0},"end":{"line":48,"column":80}},"48":{"start":{"line":49,"column":0},"end":{"line":49,"column":5}},"49":{"start":{"line":50,"column":0},"end":{"line":50,"column":3}},"56":{"start":{"line":57,"column":0},"end":{"line":57,"column":40}},"57":{"start":{"line":58,"column":0},"end":{"line":58,"column":84}},"60":{"start":{"line":61,"column":0},"end":{"line":61,"column":52}},"61":{"start":{"line":62,"column":0},"end":{"line":62,"column":30}},"63":{"start":{"line":64,"column":0},"end":{"line":64,"column":31}},"65":{"start":{"line":66,"column":0},"end":{"line":66,"column":27}},"66":{"start":{"line":67,"column":0},"end":{"line":67,"column":19}},"67":{"start":{"line":68,"column":0},"end":{"line":68,"column":18}},"68":{"start":{"line":69,"column":0},"end":{"line":69,"column":24}},"69":{"start":{"line":70,"column":0},"end":{"line":70,"column":50}},"70":{"start":{"line":71,"column":0},"end":{"line":71,"column":60}},"71":{"start":{"line":72,"column":0},"end":{"line":72,"column":10}},"72":{"start":{"line":73,"column":0},"end":{"line":73,"column":14}},"74":{"start":{"line":75,"column":0},"end":{"line":75,"column":19}},"75":{"start":{"line":76,"column":0},"end":{"line":76,"column":79}},"76":{"start":{"line":77,"column":0},"end":{"line":77,"column":136}},"77":{"start":{"line":78,"column":0},"end":{"line":78,"column":9}},"78":{"start":{"line":79,"column":0},"end":{"line":79,"column":18}},"79":{"start":{"line":80,"column":0},"end":{"line":80,"column":24}},"80":{"start":{"line":81,"column":0},"end":{"line":81,"column":54}},"81":{"start":{"line":82,"column":0},"end":{"line":82,"column":62}},"82":{"start":{"line":83,"column":0},"end":{"line":83,"column":54}},"83":{"start":{"line":84,"column":0},"end":{"line":84,"column":60}},"84":{"start":{"line":85,"column":0},"end":{"line":85,"column":10}},"85":{"start":{"line":86,"column":0},"end":{"line":86,"column":14}},"87":{"start":{"line":88,"column":0},"end":{"line":88,"column":24}},"88":{"start":{"line":89,"column":0},"end":{"line":89,"column":18}},"89":{"start":{"line":90,"column":0},"end":{"line":90,"column":29}},"90":{"start":{"line":91,"column":0},"end":{"line":91,"column":59}},"91":{"start":{"line":92,"column":0},"end":{"line":92,"column":72}},"92":{"start":{"line":93,"column":0},"end":{"line":93,"column":63}},"93":{"start":{"line":94,"column":0},"end":{"line":94,"column":64}},"94":{"start":{"line":95,"column":0},"end":{"line":95,"column":10}},"95":{"start":{"line":96,"column":0},"end":{"line":96,"column":14}},"97":{"start":{"line":98,"column":0},"end":{"line":98,"column":14}},"98":{"start":{"line":99,"column":0},"end":{"line":99,"column":59}},"99":{"start":{"line":100,"column":0},"end":{"line":100,"column":5}},"101":{"start":{"line":102,"column":0},"end":{"line":102,"column":41}},"102":{"start":{"line":103,"column":0},"end":{"line":103,"column":47}},"104":{"start":{"line":105,"column":0},"end":{"line":105,"column":20}},"105":{"start":{"line":106,"column":0},"end":{"line":106,"column":3}},"110":{"start":{"line":111,"column":0},"end":{"line":111,"column":54}},"111":{"start":{"line":112,"column":0},"end":{"line":112,"column":44}},"112":{"start":{"line":113,"column":0},"end":{"line":113,"column":3}},"117":{"start":{"line":118,"column":0},"end":{"line":118,"column":66}},"118":{"start":{"line":119,"column":0},"end":{"line":119,"column":59}},"119":{"start":{"line":120,"column":0},"end":{"line":120,"column":3}},"124":{"start":{"line":125,"column":0},"end":{"line":125,"column":45}},"125":{"start":{"line":126,"column":0},"end":{"line":126,"column":59}},"126":{"start":{"line":127,"column":0},"end":{"line":127,"column":3}},"131":{"start":{"line":132,"column":0},"end":{"line":132,"column":29}},"132":{"start":{"line":133,"column":0},"end":{"line":133,"column":27}},"133":{"start":{"line":134,"column":0},"end":{"line":134,"column":3}},"134":{"start":{"line":135,"column":0},"end":{"line":135,"column":1}}},"s":{"0":1,"28":1,"29":2,"38":2,"39":7,"40":7,"41":2,"42":7,"43":2,"44":7,"45":2,"46":7,"47":1,"48":7,"49":7,"56":2,"57":5,"60":5,"61":5,"63":4,"65":4,"66":5,"67":1,"68":1,"69":1,"70":1,"71":1,"72":1,"74":5,"75":2,"76":1,"77":1,"78":1,"79":1,"80":2,"81":2,"82":2,"83":2,"84":2,"85":2,"87":5,"88":1,"89":1,"90":1,"91":1,"92":1,"93":1,"94":1,"95":1,"97":5,"98":0,"99":5,"101":3,"102":3,"104":3,"105":5,"110":2,"111":2,"112":2,"117":2,"118":0,"119":0,"124":2,"125":5,"126":5,"131":2,"132":1,"133":1,"134":2},"branchMap":{"0":{"type":"branch","line":29,"loc":{"start":{"line":29,"column":33},"end":{"line":135,"column":1}},"locations":[{"start":{"line":29,"column":33},"end":{"line":135,"column":1}}]},"1":{"type":"branch","line":39,"loc":{"start":{"line":39,"column":9},"end":{"line":50,"column":3}},"locations":[{"start":{"line":39,"column":9},"end":{"line":50,"column":3}}]},"2":{"type":"branch","line":41,"loc":{"start":{"line":41,"column":6},"end":{"line":42,"column":68}},"locations":[{"start":{"line":41,"column":6},"end":{"line":42,"column":68}}]},"3":{"type":"branch","line":43,"loc":{"start":{"line":43,"column":6},"end":{"line":44,"column":66}},"locations":[{"start":{"line":43,"column":6},"end":{"line":44,"column":66}}]},"4":{"type":"branch","line":45,"loc":{"start":{"line":45,"column":6},"end":{"line":46,"column":74}},"locations":[{"start":{"line":45,"column":6},"end":{"line":46,"column":74}}]},"5":{"type":"branch","line":47,"loc":{"start":{"line":47,"column":6},"end":{"line":48,"column":80}},"locations":[{"start":{"line":47,"column":6},"end":{"line":48,"column":80}}]},"6":{"type":"branch","line":48,"loc":{"start":{"line":48,"column":61},"end":{"line":48,"column":78}},"locations":[{"start":{"line":48,"column":61},"end":{"line":48,"column":78}}]},"7":{"type":"branch","line":57,"loc":{"start":{"line":57,"column":9},"end":{"line":106,"column":3}},"locations":[{"start":{"line":57,"column":9},"end":{"line":106,"column":3}}]},"8":{"type":"branch","line":58,"loc":{"start":{"line":58,"column":38},"end":{"line":58,"column":84}},"locations":[{"start":{"line":58,"column":38},"end":{"line":58,"column":84}}]},"9":{"type":"branch","line":62,"loc":{"start":{"line":62,"column":16},"end":{"line":62,"column":30}},"locations":[{"start":{"line":62,"column":16},"end":{"line":62,"column":30}}]},"10":{"type":"branch","line":62,"loc":{"start":{"line":62,"column":23},"end":{"line":66,"column":27}},"locations":[{"start":{"line":62,"column":23},"end":{"line":66,"column":27}}]},"11":{"type":"branch","line":67,"loc":{"start":{"line":67,"column":6},"end":{"line":73,"column":14}},"locations":[{"start":{"line":67,"column":6},"end":{"line":73,"column":14}}]},"12":{"type":"branch","line":70,"loc":{"start":{"line":70,"column":33},"end":{"line":70,"column":50}},"locations":[{"start":{"line":70,"column":33},"end":{"line":70,"column":50}}]},"13":{"type":"branch","line":71,"loc":{"start":{"line":71,"column":36},"end":{"line":71,"column":60}},"locations":[{"start":{"line":71,"column":36},"end":{"line":71,"column":60}}]},"14":{"type":"branch","line":75,"loc":{"start":{"line":75,"column":6},"end":{"line":86,"column":14}},"locations":[{"start":{"line":75,"column":6},"end":{"line":86,"column":14}}]},"15":{"type":"branch","line":76,"loc":{"start":{"line":76,"column":25},"end":{"line":76,"column":78}},"locations":[{"start":{"line":76,"column":25},"end":{"line":76,"column":78}}]},"16":{"type":"branch","line":76,"loc":{"start":{"line":76,"column":78},"end":{"line":81,"column":51}},"locations":[{"start":{"line":76,"column":78},"end":{"line":81,"column":51}}]},"17":{"type":"branch","line":81,"loc":{"start":{"line":81,"column":32},"end":{"line":81,"column":54}},"locations":[{"start":{"line":81,"column":32},"end":{"line":81,"column":54}}]},"18":{"type":"branch","line":82,"loc":{"start":{"line":82,"column":36},"end":{"line":82,"column":62}},"locations":[{"start":{"line":82,"column":36},"end":{"line":82,"column":62}}]},"19":{"type":"branch","line":83,"loc":{"start":{"line":83,"column":32},"end":{"line":83,"column":54}},"locations":[{"start":{"line":83,"column":32},"end":{"line":83,"column":54}}]},"20":{"type":"branch","line":84,"loc":{"start":{"line":84,"column":35},"end":{"line":84,"column":60}},"locations":[{"start":{"line":84,"column":35},"end":{"line":84,"column":60}}]},"21":{"type":"branch","line":88,"loc":{"start":{"line":88,"column":6},"end":{"line":96,"column":14}},"locations":[{"start":{"line":88,"column":6},"end":{"line":96,"column":14}}]},"22":{"type":"branch","line":91,"loc":{"start":{"line":91,"column":32},"end":{"line":91,"column":59}},"locations":[{"start":{"line":91,"column":32},"end":{"line":91,"column":59}}]},"23":{"type":"branch","line":92,"loc":{"start":{"line":92,"column":38},"end":{"line":92,"column":72}},"locations":[{"start":{"line":92,"column":38},"end":{"line":92,"column":72}}]},"24":{"type":"branch","line":93,"loc":{"start":{"line":93,"column":34},"end":{"line":93,"column":63}},"locations":[{"start":{"line":93,"column":34},"end":{"line":93,"column":63}}]},"25":{"type":"branch","line":94,"loc":{"start":{"line":94,"column":35},"end":{"line":94,"column":64}},"locations":[{"start":{"line":94,"column":35},"end":{"line":94,"column":64}}]},"26":{"type":"branch","line":98,"loc":{"start":{"line":98,"column":6},"end":{"line":99,"column":59}},"locations":[{"start":{"line":98,"column":6},"end":{"line":99,"column":59}}]},"27":{"type":"branch","line":100,"loc":{"start":{"line":100,"column":4},"end":{"line":105,"column":20}},"locations":[{"start":{"line":100,"column":4},"end":{"line":105,"column":20}}]},"28":{"type":"branch","line":111,"loc":{"start":{"line":111,"column":9},"end":{"line":113,"column":3}},"locations":[{"start":{"line":111,"column":9},"end":{"line":113,"column":3}}]},"29":{"type":"branch","line":125,"loc":{"start":{"line":125,"column":9},"end":{"line":127,"column":3}},"locations":[{"start":{"line":125,"column":9},"end":{"line":127,"column":3}}]},"30":{"type":"branch","line":132,"loc":{"start":{"line":132,"column":9},"end":{"line":134,"column":3}},"locations":[{"start":{"line":132,"column":9},"end":{"line":134,"column":3}}]}},"b":{"0":[2],"1":[7],"2":[2],"3":[2],"4":[2],"5":[1],"6":[0],"7":[5],"8":[1],"9":[1],"10":[4],"11":[1],"12":[0],"13":[0],"14":[2],"15":[1],"16":[1],"17":[0],"18":[0],"19":[0],"20":[0],"21":[1],"22":[0],"23":[0],"24":[0],"25":[0],"26":[0],"27":[3],"28":[2],"29":[5],"30":[1]},"fnMap":{"0":{"name":"<static_initializer>","decl":{"start":{"line":29,"column":33},"end":{"line":135,"column":1}},"loc":{"start":{"line":29,"column":33},"end":{"line":135,"column":1}},"line":29},"1":{"name":"create","decl":{"start":{"line":39,"column":9},"end":{"line":50,"column":3}},"loc":{"start":{"line":39,"column":9},"end":{"line":50,"column":3}},"line":39},"2":{"name":"createFromEnv","decl":{"start":{"line":57,"column":9},"end":{"line":106,"column":3}},"loc":{"start":{"line":57,"column":9},"end":{"line":106,"column":3}},"line":57},"3":{"name":"getAvailableProviders","decl":{"start":{"line":111,"column":9},"end":{"line":113,"column":3}},"loc":{"start":{"line":111,"column":9},"end":{"line":113,"column":3}},"line":111},"4":{"name":"isValidProvider","decl":{"start":{"line":118,"column":9},"end":{"line":120,"column":3}},"loc":{"start":{"line":118,"column":9},"end":{"line":120,"column":3}},"line":118},"5":{"name":"isSupported","decl":{"start":{"line":125,"column":9},"end":{"line":127,"column":3}},"loc":{"start":{"line":125,"column":9},"end":{"line":127,"column":3}},"line":125},"6":{"name":"clearCache","decl":{"start":{"line":132,"column":9},"end":{"line":134,"column":3}},"loc":{"start":{"line":132,"column":9},"end":{"line":134,"column":3}},"line":132}},"f":{"0":2,"1":7,"2":5,"3":2,"4":0,"5":5,"6":1}}
,"/home/nahisaho/GitHub/LabFlow/packages/core/src/auth/providers/local.ts": {"path":"/home/nahisaho/GitHub/LabFlow/packages/core/src/auth/providers/local.ts","all":false,"statementMap":{"0":{"start":{"line":1,"column":0},"end":{"line":1,"column":3}},"40":{"start":{"line":41,"column":0},"end":{"line":41,"column":56}},"41":{"start":{"line":42,"column":0},"end":{"line":42,"column":35}},"42":{"start":{"line":43,"column":0},"end":{"line":43,"column":47}},"43":{"start":{"line":44,"column":0},"end":{"line":44,"column":41}},"46":{"start":{"line":47,"column":0},"end":{"line":47,"column":53}},"48":{"start":{"line":49,"column":0},"end":{"line":49,"column":44}},"49":{"start":{"line":50,"column":0},"end":{"line":50,"column":25}},"50":{"start":{"line":51,"column":0},"end":{"line":51,"column":64}},"51":{"start":{"line":52,"column":0},"end":{"line":52,"column":3}},"56":{"start":{"line":57,"column":0},"end":{"line":57,"column":73}},"57":{"start":{"line":58,"column":0},"end":{"line":58,"column":39}},"58":{"start":{"line":59,"column":0},"end":{"line":59,"column":67}},"59":{"start":{"line":60,"column":0},"end":{"line":60,"column":5}},"61":{"start":{"line":62,"column":0},"end":{"line":62,"column":64}},"64":{"start":{"line":65,"column":0},"end":{"line":65,"column":45}},"66":{"start":{"line":67,"column":0},"end":{"line":67,"column":16}},"67":{"start":{"line":68,"column":0},"end":{"line":68,"column":42}},"68":{"start":{"line":69,"column":0},"end":{"line":69,"column":5}},"71":{"start":{"line":72,"column":0},"end":{"line":72,"column":60}},"72":{"start":{"line":73,"column":0},"end":{"line":73,"column":53}},"73":{"start":{"line":74,"column":0},"end":{"line":74,"column":5}},"76":{"start":{"line":77,"column":0},"end":{"line":77,"column":75}},"78":{"start":{"line":79,"column":0},"end":{"line":79,"column":19}},"79":{"start":{"line":80,"column":0},"end":{"line":80,"column":43}},"80":{"start":{"line":81,"column":0},"end":{"line":81,"column":42}},"81":{"start":{"line":82,"column":0},"end":{"line":82,"column":5}},"84":{"start":{"line":85,"column":0},"end":{"line":85,"column":41}},"87":{"start":{"line":88,"column":0},"end":{"line":88,"column":49}},"88":{"start":{"line":89,"column":0},"end":{"line":89,"column":45}},"90":{"start":{"line":91,"column":0},"end":{"line":91,"column":12}},"91":{"start":{"line":92,"column":0},"end":{"line":92,"column":34}},"92":{"start":{"line":93,"column":0},"end":{"line":93,"column":12}},"93":{"start":{"line":94,"column":0},"end":{"line":94,"column":16}},"94":{"start":{"line":95,"column":0},"end":{"line":95,"column":6}},"95":{"start":{"line":96,"column":0},"end":{"line":96,"column":3}},"100":{"start":{"line":101,"column":0},"end":{"line":101,"column":66}},"101":{"start":{"line":102,"column":0},"end":{"line":102,"column":9}},"102":{"start":{"line":103,"column":0},"end":{"line":103,"column":65}},"105":{"start":{"line":106,"column":0},"end":{"line":106,"column":57}},"106":{"start":{"line":107,"column":0},"end":{"line":107,"column":29}},"108":{"start":{"line":109,"column":0},"end":{"line":109,"column":35}},"109":{"start":{"line":110,"column":0},"end":{"line":110,"column":13}},"110":{"start":{"line":111,"column":0},"end":{"line":111,"column":18}},"111":{"start":{"line":112,"column":0},"end":{"line":112,"column":5}},"112":{"start":{"line":113,"column":0},"end":{"line":113,"column":3}},"117":{"start":{"line":118,"column":0},"end":{"line":118,"column":53}},"121":{"start":{"line":122,"column":0},"end":{"line":122,"column":3}},"126":{"start":{"line":127,"column":0},"end":{"line":127,"column":57}},"127":{"start":{"line":128,"column":0},"end":{"line":128,"column":34}},"128":{"start":{"line":129,"column":0},"end":{"line":129,"column":28}},"129":{"start":{"line":130,"column":0},"end":{"line":130,"column":75}},"130":{"start":{"line":131,"column":0},"end":{"line":131,"column":57}},"131":{"start":{"line":132,"column":0},"end":{"line":132,"column":63}},"132":{"start":{"line":133,"column":0},"end":{"line":133,"column":7}},"133":{"start":{"line":134,"column":0},"end":{"line":134,"column":3}},"138":{"start":{"line":139,"column":0},"end":{"line":139,"column":31}},"139":{"start":{"line":140,"column":0},"end":{"line":140,"column":21}},"140":{"start":{"line":141,"column":0},"end":{"line":141,"column":16}},"141":{"start":{"line":142,"column":0},"end":{"line":142,"column":23}},"142":{"start":{"line":143,"column":0},"end":{"line":143,"column":41}},"143":{"start":{"line":144,"column":0},"end":{"line":144,"column":3}},"148":{"start":{"line":149,"column":0},"end":{"line":149,"column":66}},"149":{"start":{"line":150,"column":0},"end":{"line":150,"column":24}},"150":{"start":{"line":151,"column":0},"end":{"line":151,"column":24}},"151":{"start":{"line":152,"column":0},"end":{"line":152,"column":22}},"152":{"start":{"line":153,"column":0},"end":{"line":153,"column":42}},"153":{"start":{"line":154,"column":0},"end":{"line":154,"column":6}},"154":{"start":{"line":155,"column":0},"end":{"line":155,"column":43}},"155":{"start":{"line":156,"column":0},"end":{"line":156,"column":26}},"156":{"start":{"line":157,"column":0},"end":{"line":157,"column":20}},"157":{"start":{"line":158,"column":0},"end":{"line":158,"column":50}},"158":{"start":{"line":159,"column":0},"end":{"line":159,"column":28}},"159":{"start":{"line":160,"column":0},"end":{"line":160,"column":3}},"164":{"start":{"line":165,"column":0},"end":{"line":165,"column":35}},"165":{"start":{"line":166,"column":0},"end":{"line":166,"column":68}},"166":{"start":{"line":167,"column":0},"end":{"line":167,"column":17}},"167":{"start":{"line":168,"column":0},"end":{"line":168,"column":73}},"168":{"start":{"line":169,"column":0},"end":{"line":169,"column":5}},"170":{"start":{"line":171,"column":0},"end":{"line":171,"column":42}},"171":{"start":{"line":172,"column":0},"end":{"line":172,"column":27}},"173":{"start":{"line":174,"column":0},"end":{"line":174,"column":49}},"174":{"start":{"line":175,"column":0},"end":{"line":175,"column":14}},"175":{"start":{"line":176,"column":0},"end":{"line":176,"column":19}},"176":{"start":{"line":177,"column":0},"end":{"line":177,"column":24}},"177":{"start":{"line":178,"column":0},"end":{"line":178,"column":29}},"178":{"start":{"line":179,"column":0},"end":{"line":179,"column":6}},"180":{"start":{"line":181,"column":0},"end":{"line":181,"column":75}},"181":{"start":{"line":182,"column":0},"end":{"line":182,"column":3}},"186":{"start":{"line":187,"column":0},"end":{"line":187,"column":70}},"187":{"start":{"line":188,"column":0},"end":{"line":188,"column":29}},"190":{"start":{"line":191,"column":0},"end":{"line":191,"column":35}},"191":{"start":{"line":192,"column":0},"end":{"line":192,"column":77}},"192":{"start":{"line":193,"column":0},"end":{"line":193,"column":30}},"193":{"start":{"line":194,"column":0},"end":{"line":194,"column":5}},"196":{"start":{"line":197,"column":0},"end":{"line":197,"column":3}},"201":{"start":{"line":202,"column":0},"end":{"line":202,"column":70}},"202":{"start":{"line":203,"column":0},"end":{"line":203,"column":28}},"203":{"start":{"line":204,"column":0},"end":{"line":204,"column":33}},"205":{"start":{"line":206,"column":0},"end":{"line":206,"column":3}},"210":{"start":{"line":211,"column":0},"end":{"line":211,"column":50}},"211":{"start":{"line":212,"column":0},"end":{"line":212,"column":12}},"212":{"start":{"line":213,"column":0},"end":{"line":213,"column":18}},"213":{"start":{"line":214,"column":0},"end":{"line":214,"column":24}},"214":{"start":{"line":215,"column":0},"end":{"line":215,"column":36}},"215":{"start":{"line":216,"column":0},"end":{"line":216,"column":22}},"216":{"start":{"line":217,"column":0},"end":{"line":217,"column":42}},"217":{"start":{"line":218,"column":0},"end":{"line":218,"column":24}},"218":{"start":{"line":219,"column":0},"end":{"line":219,"column":6}},"219":{"start":{"line":220,"column":0},"end":{"line":220,"column":3}},"224":{"start":{"line":225,"column":0},"end":{"line":225,"column":66}},"225":{"start":{"line":226,"column":0},"end":{"line":226,"column":45}},"226":{"start":{"line":227,"column":0},"end":{"line":227,"column":33}},"227":{"start":{"line":228,"column":0},"end":{"line":228,"column":20}},"228":{"start":{"line":229,"column":0},"end":{"line":229,"column":7}},"229":{"start":{"line":230,"column":0},"end":{"line":230,"column":5}},"230":{"start":{"line":231,"column":0},"end":{"line":231,"column":21}},"231":{"start":{"line":232,"column":0},"end":{"line":232,"column":3}},"236":{"start":{"line":237,"column":0},"end":{"line":237,"column":19}},"237":{"start":{"line":238,"column":0},"end":{"line":238,"column":18}},"238":{"start":{"line":239,"column":0},"end":{"line":239,"column":21}},"239":{"start":{"line":240,"column":0},"end":{"line":240,"column":24}},"240":{"start":{"line":241,"column":0},"end":{"line":241,"column":58}},"241":{"start":{"line":242,"column":0},"end":{"line":242,"column":24}},"242":{"start":{"line":243,"column":0},"end":{"line":243,"column":35}},"243":{"start":{"line":244,"column":0},"end":{"line":244,"column":59}},"245":{"start":{"line":246,"column":0},"end":{"line":246,"column":30}},"246":{"start":{"line":247,"column":0},"end":{"line":247,"column":9}},"247":{"start":{"line":248,"column":0},"end":{"line":248,"column":12}},"248":{"start":{"line":249,"column":0},"end":{"line":249,"column":19}},"249":{"start":{"line":250,"column":0},"end":{"line":250,"column":18}},"250":{"start":{"line":251,"column":0},"end":{"line":251,"column":11}},"251":{"start":{"line":252,"column":0},"end":{"line":252,"column":24}},"252":{"start":{"line":253,"column":0},"end":{"line":253,"column":6}},"254":{"start":{"line":255,"column":0},"end":{"line":255,"column":29}},"255":{"start":{"line":256,"column":0},"end":{"line":256,"column":33}},"256":{"start":{"line":257,"column":0},"end":{"line":257,"column":3}},"257":{"start":{"line":258,"column":0},"end":{"line":258,"column":1}}},"s":{"0":1,"40":1,"41":43,"42":43,"43":43,"46":43,"48":43,"49":43,"50":43,"51":43,"56":43,"57":36,"58":1,"59":1,"61":35,"64":35,"66":36,"67":1,"68":1,"71":36,"72":3,"73":3,"76":31,"78":36,"79":13,"80":13,"81":13,"84":18,"87":18,"88":18,"90":18,"91":18,"92":18,"93":18,"94":18,"95":36,"100":43,"101":6,"102":6,"105":2,"106":6,"108":2,"109":5,"110":4,"111":4,"112":6,"117":43,"121":2,"126":43,"127":39,"128":39,"129":39,"130":39,"131":39,"132":39,"133":39,"138":43,"139":31,"140":31,"141":31,"142":31,"143":31,"148":43,"149":18,"150":18,"151":18,"152":18,"153":18,"154":18,"155":18,"156":18,"157":18,"158":18,"159":18,"164":43,"165":18,"166":18,"167":0,"168":0,"170":18,"171":18,"173":18,"174":18,"175":18,"176":18,"177":18,"178":18,"180":18,"181":18,"186":43,"187":13,"190":13,"191":3,"192":3,"193":3,"196":13,"201":43,"202":18,"203":18,"205":18,"210":43,"211":55,"212":55,"213":55,"214":55,"215":55,"216":55,"217":55,"218":55,"219":55,"224":43,"225":35,"226":35,"227":34,"228":34,"229":35,"230":1,"231":35,"236":43,"237":35,"238":35,"239":35,"240":35,"241":35,"242":35,"243":35,"245":35,"246":35,"247":35,"248":35,"249":35,"250":35,"251":35,"252":35,"254":35,"255":35,"256":35,"257":43},"branchMap":{"0":{"type":"branch","line":41,"loc":{"start":{"line":41,"column":55},"end":{"line":258,"column":1}},"locations":[{"start":{"line":41,"column":55},"end":{"line":258,"column":1}}]},"1":{"type":"branch","line":49,"loc":{"start":{"line":49,"column":2},"end":{"line":52,"column":3}},"locations":[{"start":{"line":49,"column":2},"end":{"line":52,"column":3}}]},"2":{"type":"branch","line":57,"loc":{"start":{"line":57,"column":2},"end":{"line":96,"column":3}},"locations":[{"start":{"line":57,"column":2},"end":{"line":96,"column":3}}]},"3":{"type":"branch","line":58,"loc":{"start":{"line":58,"column":38},"end":{"line":60,"column":5}},"locations":[{"start":{"line":58,"column":38},"end":{"line":60,"column":5}}]},"4":{"type":"branch","line":60,"loc":{"start":{"line":60,"column":4},"end":{"line":67,"column":15}},"locations":[{"start":{"line":60,"column":4},"end":{"line":67,"column":15}}]},"5":{"type":"branch","line":67,"loc":{"start":{"line":67,"column":15},"end":{"line":69,"column":5}},"locations":[{"start":{"line":67,"column":15},"end":{"line":69,"column":5}}]},"6":{"type":"branch","line":69,"loc":{"start":{"line":69,"column":4},"end":{"line":72,"column":28}},"locations":[{"start":{"line":69,"column":4},"end":{"line":72,"column":28}}]},"7":{"type":"branch","line":72,"loc":{"start":{"line":72,"column":13},"end":{"line":72,"column":59}},"locations":[{"start":{"line":72,"column":13},"end":{"line":72,"column":59}}]},"8":{"type":"branch","line":72,"loc":{"start":{"line":72,"column":59},"end":{"line":74,"column":5}},"locations":[{"start":{"line":72,"column":59},"end":{"line":74,"column":5}}]},"9":{"type":"branch","line":74,"loc":{"start":{"line":74,"column":4},"end":{"line":79,"column":18}},"locations":[{"start":{"line":74,"column":4},"end":{"line":79,"column":18}}]},"10":{"type":"branch","line":79,"loc":{"start":{"line":79,"column":18},"end":{"line":82,"column":5}},"locations":[{"start":{"line":79,"column":18},"end":{"line":82,"column":5}}]},"11":{"type":"branch","line":82,"loc":{"start":{"line":82,"column":4},"end":{"line":95,"column":6}},"locations":[{"start":{"line":82,"column":4},"end":{"line":95,"column":6}}]},"12":{"type":"branch","line":101,"loc":{"start":{"line":101,"column":2},"end":{"line":113,"column":3}},"locations":[{"start":{"line":101,"column":2},"end":{"line":113,"column":3}}]},"13":{"type":"branch","line":103,"loc":{"start":{"line":103,"column":63},"end":{"line":107,"column":24}},"locations":[{"start":{"line":103,"column":63},"end":{"line":107,"column":24}}]},"14":{"type":"branch","line":107,"loc":{"start":{"line":107,"column":17},"end":{"line":107,"column":29}},"locations":[{"start":{"line":107,"column":17},"end":{"line":107,"column":29}}]},"15":{"type":"branch","line":107,"loc":{"start":{"line":107,"column":24},"end":{"line":112,"column":5}},"locations":[{"start":{"line":107,"column":24},"end":{"line":112,"column":5}}]},"16":{"type":"branch","line":107,"loc":{"start":{"line":107,"column":24},"end":{"line":110,"column":12}},"locations":[{"start":{"line":107,"column":24},"end":{"line":110,"column":12}}]},"17":{"type":"branch","line":110,"loc":{"start":{"line":110,"column":4},"end":{"line":112,"column":5}},"locations":[{"start":{"line":110,"column":4},"end":{"line":112,"column":5}}]},"18":{"type":"branch","line":118,"loc":{"start":{"line":118,"column":2},"end":{"line":122,"column":3}},"locations":[{"start":{"line":118,"column":2},"end":{"line":122,"column":3}}]},"19":{"type":"branch","line":127,"loc":{"start":{"line":127,"column":2},"end":{"line":134,"column":3}},"locations":[{"start":{"line":127,"column":2},"end":{"line":134,"column":3}}]},"20":{"type":"branch","line":130,"loc":{"start":{"line":130,"column":30},"end":{"line":130,"column":59}},"locations":[{"start":{"line":130,"column":30},"end":{"line":130,"column":59}}]},"21":{"type":"branch","line":130,"loc":{"start":{"line":130,"column":45},"end":{"line":130,"column":75}},"locations":[{"start":{"line":130,"column":45},"end":{"line":130,"column":75}}]},"22":{"type":"branch","line":131,"loc":{"start":{"line":131,"column":28},"end":{"line":131,"column":55}},"locations":[{"start":{"line":131,"column":28},"end":{"line":131,"column":55}}]},"23":{"type":"branch","line":131,"loc":{"start":{"line":131,"column":43},"end":{"line":131,"column":57}},"locations":[{"start":{"line":131,"column":43},"end":{"line":131,"column":57}}]},"24":{"type":"branch","line":132,"loc":{"start":{"line":132,"column":31},"end":{"line":132,"column":61}},"locations":[{"start":{"line":132,"column":31},"end":{"line":132,"column":61}}]},"25":{"type":"branch","line":132,"loc":{"start":{"line":132,"column":46},"end":{"line":132,"column":63}},"locations":[{"start":{"line":132,"column":46},"end":{"line":132,"column":63}}]},"26":{"type":"branch","line":139,"loc":{"start":{"line":139,"column":2},"end":{"line":144,"column":3}},"locations":[{"start":{"line":139,"column":2},"end":{"line":144,"column":3}}]},"27":{"type":"branch","line":149,"loc":{"start":{"line":149,"column":2},"end":{"line":160,"column":3}},"locations":[{"start":{"line":149,"column":2},"end":{"line":160,"column":3}}]},"28":{"type":"branch","line":165,"loc":{"start":{"line":165,"column":10},"end":{"line":182,"column":3}},"locations":[{"start":{"line":165,"column":10},"end":{"line":182,"column":3}}]},"29":{"type":"branch","line":167,"loc":{"start":{"line":167,"column":16},"end":{"line":169,"column":5}},"locations":[{"start":{"line":167,"column":16},"end":{"line":169,"column":5}}]},"30":{"type":"branch","line":181,"loc":{"start":{"line":181,"column":58},"end":{"line":181,"column":73}},"locations":[{"start":{"line":181,"column":58},"end":{"line":181,"column":73}}]},"31":{"type":"branch","line":187,"loc":{"start":{"line":187,"column":2},"end":{"line":197,"column":3}},"locations":[{"start":{"line":187,"column":2},"end":{"line":197,"column":3}}]},"32":{"type":"branch","line":191,"loc":{"start":{"line":191,"column":34},"end":{"line":194,"column":5}},"locations":[{"start":{"line":191,"column":34},"end":{"line":194,"column":5}}]},"33":{"type":"branch","line":202,"loc":{"start":{"line":202,"column":2},"end":{"line":206,"column":3}},"locations":[{"start":{"line":202,"column":2},"end":{"line":206,"column":3}}]},"34":{"type":"branch","line":211,"loc":{"start":{"line":211,"column":10},"end":{"line":220,"column":3}},"locations":[{"start":{"line":211,"column":10},"end":{"line":220,"column":3}}]},"35":{"type":"branch","line":225,"loc":{"start":{"line":225,"column":10},"end":{"line":232,"column":3}},"locations":[{"start":{"line":225,"column":10},"end":{"line":232,"column":3}}]},"36":{"type":"branch","line":227,"loc":{"start":{"line":227,"column":32},"end":{"line":229,"column":7}},"locations":[{"start":{"line":227,"column":32},"end":{"line":229,"column":7}}]},"37":{"type":"branch","line":230,"loc":{"start":{"line":230,"column":4},"end":{"line":231,"column":21}},"locations":[{"start":{"line":230,"column":4},"end":{"line":231,"column":21}}]},"38":{"type":"branch","line":237,"loc":{"start":{"line":237,"column":2},"end":{"line":257,"column":3}},"locations":[{"start":{"line":237,"column":2},"end":{"line":257,"column":3}}]}},"b":{"0":[43],"1":[43],"2":[36],"3":[1],"4":[35],"5":[1],"6":[34],"7":[3],"8":[3],"9":[31],"10":[13],"11":[18],"12":[6],"13":[2],"14":[0],"15":[5],"16":[2],"17":[4],"18":[2],"19":[39],"20":[1],"21":[38],"22":[1],"23":[38],"24":[1],"25":[38],"26":[31],"27":[18],"28":[18],"29":[0],"30":[0],"31":[13],"32":[3],"33":[18],"34":[55],"35":[35],"36":[34],"37":[1],"38":[35]},"fnMap":{"0":{"name":"<instance_members_initializer>","decl":{"start":{"line":41,"column":55},"end":{"line":258,"column":1}},"loc":{"start":{"line":41,"column":55},"end":{"line":258,"column":1}},"line":41},"1":{"name":"LocalAuthProvider","decl":{"start":{"line":49,"column":2},"end":{"line":52,"column":3}},"loc":{"start":{"line":49,"column":2},"end":{"line":52,"column":3}},"line":49},"2":{"name":"authenticate","decl":{"start":{"line":57,"column":2},"end":{"line":96,"column":3}},"loc":{"start":{"line":57,"column":2},"end":{"line":96,"column":3}},"line":57},"3":{"name":"validateSession","decl":{"start":{"line":101,"column":2},"end":{"line":113,"column":3}},"loc":{"start":{"line":101,"column":2},"end":{"line":113,"column":3}},"line":101},"4":{"name":"revokeSession","decl":{"start":{"line":118,"column":2},"end":{"line":122,"column":3}},"loc":{"start":{"line":118,"column":2},"end":{"line":122,"column":3}},"line":118},"5":{"name":"hashPassword","decl":{"start":{"line":127,"column":2},"end":{"line":134,"column":3}},"loc":{"start":{"line":127,"column":2},"end":{"line":134,"column":3}},"line":127},"6":{"name":"verifyPassword","decl":{"start":{"line":139,"column":2},"end":{"line":144,"column":3}},"loc":{"start":{"line":139,"column":2},"end":{"line":144,"column":3}},"line":139},"7":{"name":"generateToken","decl":{"start":{"line":149,"column":2},"end":{"line":160,"column":3}},"loc":{"start":{"line":149,"column":2},"end":{"line":160,"column":3}},"line":149},"8":{"name":"calculateExpiry","decl":{"start":{"line":165,"column":10},"end":{"line":182,"column":3}},"loc":{"start":{"line":165,"column":10},"end":{"line":182,"column":3}},"line":165},"9":{"name":"recordFailedAttempt","decl":{"start":{"line":187,"column":2},"end":{"line":197,"column":3}},"loc":{"start":{"line":187,"column":2},"end":{"line":197,"column":3}},"line":187},"10":{"name":"resetFailedAttempts","decl":{"start":{"line":202,"column":2},"end":{"line":206,"column":3}},"loc":{"start":{"line":202,"column":2},"end":{"line":206,"column":3}},"line":202},"11":{"name":"toAuthUser","decl":{"start":{"line":211,"column":10},"end":{"line":220,"column":3}},"loc":{"start":{"line":211,"column":10},"end":{"line":220,"column":3}},"line":211},"12":{"name":"findUserByEmail","decl":{"start":{"line":225,"column":10},"end":{"line":232,"column":3}},"loc":{"start":{"line":225,"column":10},"end":{"line":232,"column":3}},"line":225},"13":{"name":"createUser","decl":{"start":{"line":237,"column":2},"end":{"line":257,"column":3}},"loc":{"start":{"line":237,"column":2},"end":{"line":257,"column":3}},"line":237}},"f":{"0":43,"1":43,"2":36,"3":6,"4":2,"5":39,"6":31,"7":18,"8":18,"9":13,"10":18,"11":55,"12":35,"13":35}}
,"/home/nahisaho/GitHub/LabFlow/packages/core/src/auth/providers/shibboleth.ts": {"path":"/home/nahisaho/GitHub/LabFlow/packages/core/src/auth/providers/shibboleth.ts","all":false,"statementMap":{"0":{"start":{"line":1,"column":0},"end":{"line":1,"column":3}},"21":{"start":{"line":22,"column":0},"end":{"line":22,"column":59}},"22":{"start":{"line":23,"column":0},"end":{"line":23,"column":55}},"23":{"start":{"line":24,"column":0},"end":{"line":24,"column":47}},"24":{"start":{"line":25,"column":0},"end":{"line":25,"column":37}},"25":{"start":{"line":26,"column":0},"end":{"line":26,"column":68}},"26":{"start":{"line":27,"column":0},"end":{"line":27,"column":71}},"27":{"start":{"line":28,"column":0},"end":{"line":28,"column":82}},"28":{"start":{"line":29,"column":0},"end":{"line":29,"column":76}},"29":{"start":{"line":30,"column":0},"end":{"line":30,"column":2}},"34":{"start":{"line":35,"column":0},"end":{"line":35,"column":57}},"35":{"start":{"line":36,"column":0},"end":{"line":36,"column":40}},"36":{"start":{"line":37,"column":0},"end":{"line":37,"column":52}},"37":{"start":{"line":38,"column":0},"end":{"line":38,"column":41}},"38":{"start":{"line":39,"column":0},"end":{"line":39,"column":60}},"40":{"start":{"line":41,"column":0},"end":{"line":41,"column":49}},"41":{"start":{"line":42,"column":0},"end":{"line":42,"column":25}},"43":{"start":{"line":44,"column":0},"end":{"line":44,"column":46}},"44":{"start":{"line":45,"column":0},"end":{"line":45,"column":56}},"45":{"start":{"line":46,"column":0},"end":{"line":46,"column":6}},"46":{"start":{"line":47,"column":0},"end":{"line":47,"column":29}},"47":{"start":{"line":48,"column":0},"end":{"line":48,"column":35}},"48":{"start":{"line":49,"column":0},"end":{"line":49,"column":33}},"49":{"start":{"line":50,"column":0},"end":{"line":50,"column":6}},"50":{"start":{"line":51,"column":0},"end":{"line":51,"column":3}},"55":{"start":{"line":56,"column":0},"end":{"line":56,"column":73}},"56":{"start":{"line":57,"column":0},"end":{"line":57,"column":44}},"57":{"start":{"line":58,"column":0},"end":{"line":58,"column":67}},"58":{"start":{"line":59,"column":0},"end":{"line":59,"column":5}},"60":{"start":{"line":61,"column":0},"end":{"line":61,"column":78}},"63":{"start":{"line":64,"column":0},"end":{"line":64,"column":65}},"66":{"start":{"line":67,"column":0},"end":{"line":67,"column":58}},"69":{"start":{"line":70,"column":0},"end":{"line":70,"column":49}},"70":{"start":{"line":71,"column":0},"end":{"line":71,"column":75}},"72":{"start":{"line":73,"column":0},"end":{"line":73,"column":12}},"73":{"start":{"line":74,"column":0},"end":{"line":74,"column":11}},"74":{"start":{"line":75,"column":0},"end":{"line":75,"column":12}},"75":{"start":{"line":76,"column":0},"end":{"line":76,"column":16}},"76":{"start":{"line":77,"column":0},"end":{"line":77,"column":6}},"77":{"start":{"line":78,"column":0},"end":{"line":78,"column":3}},"82":{"start":{"line":83,"column":0},"end":{"line":83,"column":66}},"83":{"start":{"line":84,"column":0},"end":{"line":84,"column":9}},"84":{"start":{"line":85,"column":0},"end":{"line":85,"column":65}},"86":{"start":{"line":87,"column":0},"end":{"line":87,"column":14}},"87":{"start":{"line":88,"column":0},"end":{"line":88,"column":34}},"88":{"start":{"line":89,"column":0},"end":{"line":89,"column":39}},"89":{"start":{"line":90,"column":0},"end":{"line":90,"column":51}},"90":{"start":{"line":91,"column":0},"end":{"line":91,"column":82}},"91":{"start":{"line":92,"column":0},"end":{"line":92,"column":31}},"92":{"start":{"line":93,"column":0},"end":{"line":93,"column":66}},"93":{"start":{"line":94,"column":0},"end":{"line":94,"column":8}},"94":{"start":{"line":95,"column":0},"end":{"line":95,"column":13}},"95":{"start":{"line":96,"column":0},"end":{"line":96,"column":18}},"96":{"start":{"line":97,"column":0},"end":{"line":97,"column":5}},"97":{"start":{"line":98,"column":0},"end":{"line":98,"column":3}},"102":{"start":{"line":103,"column":0},"end":{"line":103,"column":53}},"104":{"start":{"line":105,"column":0},"end":{"line":105,"column":3}},"109":{"start":{"line":110,"column":0},"end":{"line":110,"column":44}},"111":{"start":{"line":112,"column":0},"end":{"line":112,"column":40}},"112":{"start":{"line":113,"column":0},"end":{"line":113,"column":26}},"113":{"start":{"line":114,"column":0},"end":{"line":114,"column":7}},"115":{"start":{"line":116,"column":0},"end":{"line":116,"column":45}},"116":{"start":{"line":117,"column":0},"end":{"line":117,"column":3}},"121":{"start":{"line":122,"column":0},"end":{"line":122,"column":77}},"122":{"start":{"line":123,"column":0},"end":{"line":123,"column":48}},"124":{"start":{"line":125,"column":0},"end":{"line":125,"column":24}},"125":{"start":{"line":126,"column":0},"end":{"line":126,"column":70}},"126":{"start":{"line":127,"column":0},"end":{"line":127,"column":5}},"128":{"start":{"line":129,"column":0},"end":{"line":129,"column":30}},"129":{"start":{"line":130,"column":0},"end":{"line":130,"column":25}},"130":{"start":{"line":131,"column":0},"end":{"line":131,"column":33}},"131":{"start":{"line":132,"column":0},"end":{"line":132,"column":29}},"132":{"start":{"line":133,"column":0},"end":{"line":133,"column":32}},"133":{"start":{"line":134,"column":0},"end":{"line":134,"column":3}},"141":{"start":{"line":142,"column":0},"end":{"line":142,"column":34}},"142":{"start":{"line":143,"column":0},"end":{"line":143,"column":24}},"143":{"start":{"line":144,"column":0},"end":{"line":144,"column":29}},"145":{"start":{"line":146,"column":0},"end":{"line":146,"column":74}},"151":{"start":{"line":152,"column":0},"end":{"line":152,"column":55}},"153":{"start":{"line":154,"column":0},"end":{"line":154,"column":12}},"154":{"start":{"line":155,"column":0},"end":{"line":155,"column":59}},"155":{"start":{"line":156,"column":0},"end":{"line":156,"column":59}},"156":{"start":{"line":157,"column":0},"end":{"line":157,"column":73}},"157":{"start":{"line":158,"column":0},"end":{"line":158,"column":17}},"158":{"start":{"line":159,"column":0},"end":{"line":159,"column":6}},"159":{"start":{"line":160,"column":0},"end":{"line":160,"column":3}},"164":{"start":{"line":165,"column":0},"end":{"line":165,"column":72}},"165":{"start":{"line":166,"column":0},"end":{"line":166,"column":39}},"166":{"start":{"line":167,"column":0},"end":{"line":167,"column":89}},"167":{"start":{"line":168,"column":0},"end":{"line":168,"column":103}},"168":{"start":{"line":169,"column":0},"end":{"line":169,"column":106}},"169":{"start":{"line":170,"column":0},"end":{"line":170,"column":117}},"172":{"start":{"line":173,"column":0},"end":{"line":173,"column":17}},"173":{"start":{"line":174,"column":0},"end":{"line":174,"column":23}},"174":{"start":{"line":175,"column":0},"end":{"line":175,"column":22}},"175":{"start":{"line":176,"column":0},"end":{"line":176,"column":23}},"177":{"start":{"line":178,"column":0},"end":{"line":178,"column":23}},"178":{"start":{"line":179,"column":0},"end":{"line":179,"column":30}},"179":{"start":{"line":180,"column":0},"end":{"line":180,"column":29}},"180":{"start":{"line":181,"column":0},"end":{"line":181,"column":35}},"183":{"start":{"line":184,"column":0},"end":{"line":184,"column":16}},"184":{"start":{"line":185,"column":0},"end":{"line":185,"column":23}},"185":{"start":{"line":186,"column":0},"end":{"line":186,"column":40}},"186":{"start":{"line":187,"column":0},"end":{"line":187,"column":12}},"188":{"start":{"line":189,"column":0},"end":{"line":189,"column":41}},"191":{"start":{"line":192,"column":0},"end":{"line":192,"column":43}},"193":{"start":{"line":194,"column":0},"end":{"line":194,"column":12}},"194":{"start":{"line":195,"column":0},"end":{"line":195,"column":9}},"195":{"start":{"line":196,"column":0},"end":{"line":196,"column":12}},"196":{"start":{"line":197,"column":0},"end":{"line":197,"column":18}},"197":{"start":{"line":198,"column":0},"end":{"line":198,"column":11}},"198":{"start":{"line":199,"column":0},"end":{"line":199,"column":29}},"199":{"start":{"line":200,"column":0},"end":{"line":200,"column":19}},"200":{"start":{"line":201,"column":0},"end":{"line":201,"column":13}},"201":{"start":{"line":202,"column":0},"end":{"line":202,"column":43}},"202":{"start":{"line":203,"column":0},"end":{"line":203,"column":33}},"203":{"start":{"line":204,"column":0},"end":{"line":204,"column":8}},"204":{"start":{"line":205,"column":0},"end":{"line":205,"column":6}},"205":{"start":{"line":206,"column":0},"end":{"line":206,"column":3}},"210":{"start":{"line":211,"column":0},"end":{"line":211,"column":64}},"211":{"start":{"line":212,"column":0},"end":{"line":212,"column":24}},"212":{"start":{"line":213,"column":0},"end":{"line":213,"column":24}},"213":{"start":{"line":214,"column":0},"end":{"line":214,"column":36}},"214":{"start":{"line":215,"column":0},"end":{"line":215,"column":22}},"215":{"start":{"line":216,"column":0},"end":{"line":216,"column":34}},"216":{"start":{"line":217,"column":0},"end":{"line":217,"column":6}},"217":{"start":{"line":218,"column":0},"end":{"line":218,"column":43}},"218":{"start":{"line":219,"column":0},"end":{"line":219,"column":26}},"219":{"start":{"line":220,"column":0},"end":{"line":220,"column":20}},"220":{"start":{"line":221,"column":0},"end":{"line":221,"column":30}},"221":{"start":{"line":222,"column":0},"end":{"line":222,"column":28}},"222":{"start":{"line":223,"column":0},"end":{"line":223,"column":3}},"227":{"start":{"line":228,"column":0},"end":{"line":228,"column":54}},"229":{"start":{"line":230,"column":0},"end":{"line":230,"column":38}},"230":{"start":{"line":231,"column":0},"end":{"line":231,"column":44}},"233":{"start":{"line":234,"column":0},"end":{"line":234,"column":17}},"234":{"start":{"line":235,"column":0},"end":{"line":235,"column":30}},"235":{"start":{"line":236,"column":0},"end":{"line":236,"column":39}},"236":{"start":{"line":237,"column":0},"end":{"line":237,"column":16}},"237":{"start":{"line":238,"column":0},"end":{"line":238,"column":5}},"239":{"start":{"line":240,"column":0},"end":{"line":240,"column":49}},"240":{"start":{"line":241,"column":0},"end":{"line":241,"column":3}},"245":{"start":{"line":246,"column":0},"end":{"line":246,"column":24}},"246":{"start":{"line":247,"column":0},"end":{"line":247,"column":33}},"247":{"start":{"line":248,"column":0},"end":{"line":248,"column":40}},"248":{"start":{"line":249,"column":0},"end":{"line":249,"column":117}},"249":{"start":{"line":250,"column":0},"end":{"line":250,"column":23}},"250":{"start":{"line":251,"column":0},"end":{"line":251,"column":30}},"251":{"start":{"line":252,"column":0},"end":{"line":252,"column":44}},"252":{"start":{"line":253,"column":0},"end":{"line":253,"column":9}},"255":{"start":{"line":256,"column":0},"end":{"line":256,"column":75}},"256":{"start":{"line":257,"column":0},"end":{"line":257,"column":26}},"257":{"start":{"line":258,"column":0},"end":{"line":258,"column":5}},"258":{"start":{"line":259,"column":0},"end":{"line":259,"column":42}},"259":{"start":{"line":260,"column":0},"end":{"line":260,"column":22}},"260":{"start":{"line":261,"column":0},"end":{"line":261,"column":5}},"262":{"start":{"line":263,"column":0},"end":{"line":263,"column":24}},"263":{"start":{"line":264,"column":0},"end":{"line":264,"column":3}},"268":{"start":{"line":269,"column":0},"end":{"line":269,"column":80}},"269":{"start":{"line":270,"column":0},"end":{"line":270,"column":72}},"270":{"start":{"line":271,"column":0},"end":{"line":271,"column":35}},"271":{"start":{"line":272,"column":0},"end":{"line":272,"column":22}},"272":{"start":{"line":273,"column":0},"end":{"line":273,"column":3}},"277":{"start":{"line":278,"column":0},"end":{"line":278,"column":79}},"278":{"start":{"line":279,"column":0},"end":{"line":279,"column":59}},"279":{"start":{"line":280,"column":0},"end":{"line":280,"column":35}},"280":{"start":{"line":281,"column":0},"end":{"line":281,"column":22}},"281":{"start":{"line":282,"column":0},"end":{"line":282,"column":3}},"286":{"start":{"line":287,"column":0},"end":{"line":287,"column":66}},"287":{"start":{"line":288,"column":0},"end":{"line":288,"column":50}},"290":{"start":{"line":291,"column":0},"end":{"line":291,"column":21}},"291":{"start":{"line":292,"column":0},"end":{"line":292,"column":106}},"293":{"start":{"line":294,"column":0},"end":{"line":294,"column":14}},"294":{"start":{"line":295,"column":0},"end":{"line":295,"column":52}},"295":{"start":{"line":296,"column":0},"end":{"line":296,"column":33}},"296":{"start":{"line":297,"column":0},"end":{"line":297,"column":40}},"297":{"start":{"line":298,"column":0},"end":{"line":298,"column":7}},"298":{"start":{"line":299,"column":0},"end":{"line":299,"column":5}},"300":{"start":{"line":301,"column":0},"end":{"line":301,"column":22}},"301":{"start":{"line":302,"column":0},"end":{"line":302,"column":3}},"302":{"start":{"line":303,"column":0},"end":{"line":303,"column":1}}},"s":{"0":1,"21":1,"22":1,"23":1,"24":1,"25":1,"26":1,"27":1,"28":1,"29":1,"34":1,"35":2,"36":2,"37":2,"38":2,"40":2,"41":2,"43":2,"44":2,"45":2,"46":2,"47":2,"48":2,"49":2,"50":2,"55":2,"56":0,"57":0,"58":0,"60":0,"63":0,"66":0,"69":0,"70":0,"72":0,"73":0,"74":0,"75":0,"76":0,"77":0,"82":2,"83":0,"84":0,"86":0,"87":0,"88":0,"89":0,"90":0,"91":0,"92":0,"93":0,"94":0,"95":0,"96":0,"97":0,"102":2,"104":0,"109":2,"111":0,"112":0,"113":0,"115":0,"116":0,"121":2,"122":0,"124":0,"125":0,"126":0,"128":0,"129":0,"130":0,"131":0,"132":0,"133":0,"141":2,"142":0,"143":0,"145":0,"151":0,"153":0,"154":0,"155":0,"156":0,"157":0,"158":0,"159":0,"164":2,"165":0,"166":0,"167":0,"168":0,"169":0,"172":0,"173":0,"174":0,"175":0,"177":0,"178":0,"179":0,"180":0,"183":0,"184":0,"185":0,"186":0,"188":0,"191":0,"193":0,"194":0,"195":0,"196":0,"197":0,"198":0,"199":0,"200":0,"201":0,"202":0,"203":0,"204":0,"205":0,"210":2,"211":0,"212":0,"213":0,"214":0,"215":0,"216":0,"217":0,"218":0,"219":0,"220":0,"221":0,"222":0,"227":2,"229":0,"230":0,"233":0,"234":0,"235":0,"236":0,"237":0,"239":0,"240":0,"245":2,"246":0,"247":0,"248":0,"249":0,"250":0,"251":0,"252":0,"255":0,"256":0,"257":0,"258":0,"259":0,"260":0,"262":0,"263":0,"268":2,"269":0,"270":0,"271":0,"272":0,"277":2,"278":0,"279":0,"280":0,"281":0,"286":2,"287":0,"290":0,"291":0,"293":0,"294":0,"295":0,"296":0,"297":0,"298":0,"300":0,"301":0,"302":2},"branchMap":{"0":{"type":"branch","line":35,"loc":{"start":{"line":35,"column":56},"end":{"line":303,"column":1}},"locations":[{"start":{"line":35,"column":56},"end":{"line":303,"column":1}}]},"1":{"type":"branch","line":41,"loc":{"start":{"line":41,"column":2},"end":{"line":51,"column":3}},"locations":[{"start":{"line":41,"column":2},"end":{"line":51,"column":3}}]},"2":{"type":"branch","line":45,"loc":{"start":{"line":45,"column":35},"end":{"line":45,"column":56}},"locations":[{"start":{"line":45,"column":35},"end":{"line":45,"column":56}}]}},"b":{"0":[2],"1":[2],"2":[0]},"fnMap":{"0":{"name":"<instance_members_initializer>","decl":{"start":{"line":35,"column":56},"end":{"line":303,"column":1}},"loc":{"start":{"line":35,"column":56},"end":{"line":303,"column":1}},"line":35},"1":{"name":"ShibbolethProvider","decl":{"start":{"line":41,"column":2},"end":{"line":51,"column":3}},"loc":{"start":{"line":41,"column":2},"end":{"line":51,"column":3}},"line":41},"2":{"name":"authenticate","decl":{"start":{"line":56,"column":2},"end":{"line":78,"column":3}},"loc":{"start":{"line":56,"column":2},"end":{"line":78,"column":3}},"line":56},"3":{"name":"validateSession","decl":{"start":{"line":83,"column":2},"end":{"line":98,"column":3}},"loc":{"start":{"line":83,"column":2},"end":{"line":98,"column":3}},"line":83},"4":{"name":"revokeSession","decl":{"start":{"line":103,"column":2},"end":{"line":105,"column":3}},"loc":{"start":{"line":103,"column":2},"end":{"line":105,"column":3}},"line":103},"5":{"name":"getLoginUrl","decl":{"start":{"line":110,"column":2},"end":{"line":117,"column":3}},"loc":{"start":{"line":110,"column":2},"end":{"line":117,"column":3}},"line":110},"6":{"name":"handleCallback","decl":{"start":{"line":122,"column":2},"end":{"line":134,"column":3}},"loc":{"start":{"line":122,"column":2},"end":{"line":134,"column":3}},"line":122},"7":{"name":"parseSamlResponse","decl":{"start":{"line":142,"column":2},"end":{"line":160,"column":3}},"loc":{"start":{"line":142,"column":2},"end":{"line":160,"column":3}},"line":142},"8":{"name":"extractUserFromAssertion","decl":{"start":{"line":165,"column":10},"end":{"line":206,"column":3}},"loc":{"start":{"line":165,"column":10},"end":{"line":206,"column":3}},"line":165},"9":{"name":"generateToken","decl":{"start":{"line":211,"column":2},"end":{"line":223,"column":3}},"loc":{"start":{"line":211,"column":2},"end":{"line":223,"column":3}},"line":211},"10":{"name":"generateUserId","decl":{"start":{"line":228,"column":10},"end":{"line":241,"column":3}},"loc":{"start":{"line":228,"column":10},"end":{"line":241,"column":3}},"line":228},"11":{"name":"determineRole","decl":{"start":{"line":246,"column":10},"end":{"line":264,"column":3}},"loc":{"start":{"line":246,"column":10},"end":{"line":264,"column":3}},"line":246},"12":{"name":"extractElement","decl":{"start":{"line":269,"column":10},"end":{"line":273,"column":3}},"loc":{"start":{"line":269,"column":10},"end":{"line":273,"column":3}},"line":269},"13":{"name":"extractAttribute","decl":{"start":{"line":278,"column":10},"end":{"line":282,"column":3}},"loc":{"start":{"line":278,"column":10},"end":{"line":282,"column":3}},"line":278},"14":{"name":"extractAttributes","decl":{"start":{"line":287,"column":10},"end":{"line":302,"column":3}},"loc":{"start":{"line":287,"column":10},"end":{"line":302,"column":3}},"line":287}},"f":{"0":2,"1":2,"2":0,"3":0,"4":0,"5":0,"6":0,"7":0,"8":0,"9":0,"10":0,"11":0,"12":0,"13":0,"14":0}}
[...]
:123,"column":0},"end":{"line":123,"column":17}},"123":{"start":{"line":124,"column":0},"end":{"line":124,"column":21}},"124":{"start":{"line":125,"column":0},"end":{"line":125,"column":30}},"125":{"start":{"line":126,"column":0},"end":{"line":126,"column":23}},"126":{"start":{"line":127,"column":0},"end":{"line":127,"column":23}},"127":{"start":{"line":128,"column":0},"end":{"line":128,"column":27}},"128":{"start":{"line":129,"column":0},"end":{"line":129,"column":34}},"129":{"start":{"line":130,"column":0},"end":{"line":130,"column":38}},"130":{"start":{"line":131,"column":0},"end":{"line":131,"column":44}},"131":{"start":{"line":132,"column":0},"end":{"line":132,"column":24}},"132":{"start":{"line":133,"column":0},"end":{"line":133,"column":7}},"133":{"start":{"line":134,"column":0},"end":{"line":134,"column":3}},"138":{"start":{"line":139,"column":0},"end":{"line":139,"column":20}},"139":{"start":{"line":140,"column":0},"end":{"line":140,"column":12}},"140":{"start":{"line":141,"column":0},"end":{"line":141,"column":19}},"141":{"start":{"line":142,"column":0},"end":{"line":142,"column":23}},"142":{"start":{"line":143,"column":0},"end":{"line":143,"column":23}},"143":{"start":{"line":144,"column":0},"end":{"line":144,"column":27}},"144":{"start":{"line":145,"column":0},"end":{"line":145,"column":27}},"145":{"start":{"line":146,"column":0},"end":{"line":146,"column":31}},"146":{"start":{"line":147,"column":0},"end":{"line":147,"column":39}},"147":{"start":{"line":148,"column":0},"end":{"line":148,"column":27}},"148":{"start":{"line":149,"column":0},"end":{"line":149,"column":6}},"149":{"start":{"line":150,"column":0},"end":{"line":150,"column":3}},"150":{"start":{"line":151,"column":0},"end":{"line":151,"column":1}}},"s":{"9":0,"10":0,"11":0,"12":0,"13":0,"14":0,"15":0,"16":0,"17":0,"19":0,"28":0,"29":0,"30":0,"31":0,"32":0,"33":0,"34":0,"35":0,"36":0,"37":0,"40":0,"41":0,"42":0,"44":0,"45":0,"46":0,"48":0,"49":0,"50":0,"52":0,"53":0,"54":0,"56":0,"57":0,"58":0,"60":0,"61":0,"62":0,"64":0,"65":0,"66":0,"68":0,"69":0,"70":0,"75":0,"76":0,"77":0,"82":0,"83":0,"84":0,"89":0,"90":0,"91":0,"96":0,"97":0,"98":0,"99":0,"100":0,"105":0,"106":0,"107":0,"108":0,"109":0,"110":0,"115":0,"116":0,"117":0,"122":0,"123":0,"124":0,"125":0,"126":0,"127":0,"128":0,"129":0,"130":0,"131":0,"132":0,"133":0,"138":0,"139":0,"140":0,"141":0,"142":0,"143":0,"144":0,"145":0,"146":0,"147":0,"148":0,"149":0,"150":0},"branchMap":{"0":{"type":"branch","line":1,"loc":{"start":{"line":1,"column":3025},"end":{"line":151,"column":1}},"locations":[{"start":{"line":1,"column":3025},"end":{"line":151,"column":1}}]}},"b":{"0":[1]},"fnMap":{"0":{"name":"(empty-report)","decl":{"start":{"line":1,"column":3025},"end":{"line":151,"column":1}},"loc":{"start":{"line":1,"column":3025},"end":{"line":151,"column":1}},"line":1}},"f":{"0":1}}
,"/home/nahisaho/GitHub/LabFlow/packages/core/src/workflow/domain/workflow.ts": {"path":"/home/nahisaho/GitHub/LabFlow/packages/core/src/workflow/domain/workflow.ts","all":true,"statementMap":{"0":{"start":{"line":1,"column":0},"end":{"line":1,"column":3}},"18":{"start":{"line":19,"column":0},"end":{"line":19,"column":23}},"19":{"start":{"line":20,"column":0},"end":{"line":20,"column":22}},"20":{"start":{"line":21,"column":0},"end":{"line":21,"column":24}},"21":{"start":{"line":22,"column":0},"end":{"line":22,"column":32}},"22":{"start":{"line":23,"column":0},"end":{"line":23,"column":34}},"23":{"start":{"line":24,"column":0},"end":{"line":24,"column":31}},"24":{"start":{"line":25,"column":0},"end":{"line":25,"column":27}},"25":{"start":{"line":26,"column":0},"end":{"line":26,"column":34}},"26":{"start":{"line":27,"column":0},"end":{"line":27,"column":26}},"27":{"start":{"line":28,"column":0},"end":{"line":28,"column":35}},"28":{"start":{"line":29,"column":0},"end":{"line":29,"column":36}},"29":{"start":{"line":30,"column":0},"end":{"line":30,"column":27}},"30":{"start":{"line":31,"column":0},"end":{"line":31,"column":27}},"32":{"start":{"line":33,"column":0},"end":{"line":33,"column":23}},"44":{"start":{"line":45,"column":0},"end":{"line":45,"column":6}},"45":{"start":{"line":46,"column":0},"end":{"line":46,"column":25}},"46":{"start":{"line":47,"column":0},"end":{"line":47,"column":29}},"47":{"start":{"line":48,"column":0},"end":{"line":48,"column":43}},"48":{"start":{"line":49,"column":0},"end":{"line":49,"column":33}},"49":{"start":{"line":50,"column":0},"end":{"line":50,"column":41}},"50":{"start":{"line":51,"column":0},"end":{"line":51,"column":40}},"51":{"start":{"line":52,"column":0},"end":{"line":52,"column":44}},"52":{"start":{"line":53,"column":0},"end":{"line":53,"column":33}},"53":{"start":{"line":54,"column":0},"end":{"line":54,"column":49}},"54":{"start":{"line":55,"column":0},"end":{"line":55,"column":28}},"55":{"start":{"line":56,"column":0},"end":{"line":56,"column":53}},"56":{"start":{"line":57,"column":0},"end":{"line":57,"column":53}},"57":{"start":{"line":58,"column":0},"end":{"line":58,"column":3}},"60":{"start":{"line":61,"column":0},"end":{"line":61,"column":20}},"61":{"start":{"line":62,"column":0},"end":{"line":62,"column":20}},"62":{"start":{"line":63,"column":0},"end":{"line":63,"column":3}},"64":{"start":{"line":65,"column":0},"end":{"line":65,"column":22}},"65":{"start":{"line":66,"column":0},"end":{"line":66,"column":22}},"66":{"start":{"line":67,"column":0},"end":{"line":67,"column":3}},"68":{"start":{"line":69,"column":0},"end":{"line":69,"column":41}},"69":{"start":{"line":70,"column":0},"end":{"line":70,"column":29}},"70":{"start":{"line":71,"column":0},"end":{"line":71,"column":3}},"72":{"start":{"line":73,"column":0},"end":{"line":73,"column":32}},"73":{"start":{"line":74,"column":0},"end":{"line":74,"column":24}},"74":{"start":{"line":75,"column":0},"end":{"line":75,"column":3}},"76":{"start":{"line":77,"column":0},"end":{"line":77,"column":40}},"77":{"start":{"line":78,"column":0},"end":{"line":78,"column":28}},"78":{"start":{"line":79,"column":0},"end":{"line":79,"column":3}},"80":{"start":{"line":81,"column":0},"end":{"line":81,"column":25}},"81":{"start":{"line":82,"column":0},"end":{"line":82,"column":25}},"82":{"start":{"line":83,"column":0},"end":{"line":83,"column":3}},"84":{"start":{"line":85,"column":0},"end":{"line":85,"column":32}},"85":{"start":{"line":86,"column":0},"end":{"line":86,"column":24}},"86":{"start":{"line":87,"column":0},"end":{"line":87,"column":3}},"88":{"start":{"line":89,"column":0},"end":{"line":89,"column":24}},"89":{"start":{"line":90,"column":0},"end":{"line":90,"column":24}},"90":{"start":{"line":91,"column":0},"end":{"line":91,"column":3}},"92":{"start":{"line":93,"column":0},"end":{"line":93,"column":44}},"93":{"start":{"line":94,"column":0},"end":{"line":94,"column":32}},"94":{"start":{"line":95,"column":0},"end":{"line":95,"column":3}},"96":{"start":{"line":97,"column":0},"end":{"line":97,"column":23}},"97":{"start":{"line":98,"column":0},"end":{"line":98,"column":44}},"98":{"start":{"line":99,"column":0},"end":{"line":99,"column":3}},"100":{"start":{"line":101,"column":0},"end":{"line":101,"column":25}},"101":{"start":{"line":102,"column":0},"end":{"line":102,"column":27}},"102":{"start":{"line":103,"column":0},"end":{"line":103,"column":3}},"104":{"start":{"line":105,"column":0},"end":{"line":105,"column":25}},"105":{"start":{"line":106,"column":0},"end":{"line":106,"column":27}},"106":{"start":{"line":107,"column":0},"end":{"line":107,"column":3}},"111":{"start":{"line":112,"column":0},"end":{"line":112,"column":35}},"112":{"start":{"line":113,"column":0},"end":{"line":113,"column":12}},"113":{"start":{"line":114,"column":0},"end":{"line":114,"column":19}},"114":{"start":{"line":115,"column":0},"end":{"line":115,"column":23}},"115":{"start":{"line":116,"column":0},"end":{"line":116,"column":37}},"116":{"start":{"line":117,"column":0},"end":{"line":117,"column":27}},"117":{"start":{"line":118,"column":0},"end":{"line":118,"column":35}},"118":{"start":{"line":119,"column":0},"end":{"line":119,"column":29}},"119":{"start":{"line":120,"column":0},"end":{"line":120,"column":27}},"120":{"start":{"line":121,"column":0},"end":{"line":121,"column":27}},"121":{"start":{"line":122,"column":0},"end":{"line":122,"column":43}},"122":{"start":{"line":123,"column":0},"end":{"line":123,"column":33}},"123":{"start":{"line":124,"column":0},"end":{"line":124,"column":33}},"124":{"start":{"line":125,"column":0},"end":{"line":125,"column":6}},"125":{"start":{"line":126,"column":0},"end":{"line":126,"column":3}},"130":{"start":{"line":131,"column":0},"end":{"line":131,"column":29}},"131":{"start":{"line":132,"column":0},"end":{"line":132,"column":38}},"132":{"start":{"line":133,"column":0},"end":{"line":133,"column":57}},"133":{"start":{"line":134,"column":0},"end":{"line":134,"column":5}},"136":{"start":{"line":137,"column":0},"end":{"line":137,"column":44}},"137":{"start":{"line":138,"column":0},"end":{"line":138,"column":36}},"138":{"start":{"line":139,"column":0},"end":{"line":139,"column":62}},"139":{"start":{"line":140,"column":0},"end":{"line":140,"column":7}},"140":{"start":{"line":141,"column":0},"end":{"line":141,"column":5}},"142":{"start":{"line":143,"column":0},"end":{"line":143,"column":35}},"143":{"start":{"line":144,"column":0},"end":{"line":144,"column":33}},"144":{"start":{"line":145,"column":0},"end":{"line":145,"column":3}},"149":{"start":{"line":150,"column":0},"end":{"line":150,"column":36}},"150":{"start":{"line":151,"column":0},"end":{"line":151,"column":38}},"151":{"start":{"line":152,"column":0},"end":{"line":152,"column":57}},"152":{"start":{"line":153,"column":0},"end":{"line":153,"column":5}},"155":{"start":{"line":156,"column":0},"end":{"line":156,"column":46}},"156":{"start":{"line":157,"column":0},"end":{"line":157,"column":47}},"157":{"start":{"line":158,"column":0},"end":{"line":158,"column":87}},"158":{"start":{"line":159,"column":0},"end":{"line":159,"column":7}},"159":{"start":{"line":160,"column":0},"end":{"line":160,"column":5}},"161":{"start":{"line":162,"column":0},"end":{"line":162,"column":31}},"162":{"start":{"line":163,"column":0},"end":{"line":163,"column":33}},"163":{"start":{"line":164,"column":0},"end":{"line":164,"column":3}},"168":{"start":{"line":169,"column":0},"end":{"line":169,"column":45}},"169":{"start":{"line":170,"column":0},"end":{"line":170,"column":35}},"170":{"start":{"line":171,"column":0},"end":{"line":171,"column":3}},"175":{"start":{"line":176,"column":0},"end":{"line":176,"column":34}},"176":{"start":{"line":177,"column":0},"end":{"line":177,"column":38}},"177":{"start":{"line":178,"column":0},"end":{"line":178,"column":57}},"178":{"start":{"line":179,"column":0},"end":{"line":179,"column":5}},"180":{"start":{"line":181,"column":0},"end":{"line":181,"column":22}},"181":{"start":{"line":182,"column":0},"end":{"line":182,"column":33}},"182":{"start":{"line":183,"column":0},"end":{"line":183,"column":3}},"187":{"start":{"line":188,"column":0},"end":{"line":188,"column":48}},"188":{"start":{"line":189,"column":0},"end":{"line":189,"column":38}},"189":{"start":{"line":190,"column":0},"end":{"line":190,"column":57}},"190":{"start":{"line":191,"column":0},"end":{"line":191,"column":5}},"192":{"start":{"line":193,"column":0},"end":{"line":193,"column":36}},"193":{"start":{"line":194,"column":0},"end":{"line":194,"column":33}},"194":{"start":{"line":195,"column":0},"end":{"line":195,"column":3}},"199":{"start":{"line":200,"column":0},"end":{"line":200,"column":19}},"200":{"start":{"line":201,"column":0},"end":{"line":201,"column":33}},"201":{"start":{"line":202,"column":0},"end":{"line":202,"column":63}},"202":{"start":{"line":203,"column":0},"end":{"line":203,"column":5}},"205":{"start":{"line":206,"column":0},"end":{"line":206,"column":28}},"207":{"start":{"line":208,"column":0},"end":{"line":208,"column":31}},"208":{"start":{"line":209,"column":0},"end":{"line":209,"column":23}},"209":{"start":{"line":210,"column":0},"end":{"line":210,"column":33}},"210":{"start":{"line":211,"column":0},"end":{"line":211,"column":3}},"215":{"start":{"line":216,"column":0},"end":{"line":216,"column":19}},"216":{"start":{"line":217,"column":0},"end":{"line":217,"column":30}},"217":{"start":{"line":218,"column":0},"end":{"line":218,"column":33}},"218":{"start":{"line":219,"column":0},"end":{"line":219,"column":3}},"223":{"start":{"line":224,"column":0},"end":{"line":224,"column":27}},"224":{"start":{"line":225,"column":0},"end":{"line":225,"column":32}},"225":{"start":{"line":226,"column":0},"end":{"line":226,"column":30}},"226":{"start":{"line":227,"column":0},"end":{"line":227,"column":35}},"227":{"start":{"line":228,"column":0},"end":{"line":228,"column":37}},"228":{"start":{"line":229,"column":0},"end":{"line":229,"column":27}},"229":{"start":{"line":230,"column":0},"end":{"line":230,"column":27}},"230":{"start":{"line":231,"column":0},"end":{"line":231,"column":17}},"231":{"start":{"line":232,"column":0},"end":{"line":232,"column":22}},"232":{"start":{"line":233,"column":0},"end":{"line":233,"column":27}},"233":{"start":{"line":234,"column":0},"end":{"line":234,"column":43}},"234":{"start":{"line":235,"column":0},"end":{"line":235,"column":7}},"237":{"start":{"line":238,"column":0},"end":{"line":238,"column":46}},"238":{"start":{"line":239,"column":0},"end":{"line":239,"column":34}},"239":{"start":{"line":240,"column":0},"end":{"line":240,"column":5}},"241":{"start":{"line":242,"column":0},"end":{"line":242,"column":17}},"242":{"start":{"line":243,"column":0},"end":{"line":243,"column":3}},"247":{"start":{"line":248,"column":0},"end":{"line":248,"column":28}},"248":{"start":{"line":249,"column":0},"end":{"line":249,"column":38}},"249":{"start":{"line":250,"column":0},"end":{"line":250,"column":45}},"251":{"start":{"line":252,"column":0},"end":{"line":252,"column":51}},"252":{"start":{"line":253,"column":0},"end":{"line":253,"column":26}},"253":{"start":{"line":254,"column":0},"end":{"line":254,"column":33}},"255":{"start":{"line":256,"column":0},"end":{"line":256,"column":43}},"256":{"start":{"line":257,"column":0},"end":{"line":257,"column":17}},"257":{"start":{"line":258,"column":0},"end":{"line":258,"column":48}},"258":{"start":{"line":259,"column":0},"end":{"line":259,"column":55}},"259":{"start":{"line":260,"column":0},"end":{"line":260,"column":24}},"260":{"start":{"line":261,"column":0},"end":{"line":261,"column":11}},"261":{"start":{"line":262,"column":0},"end":{"line":262,"column":42}},"262":{"start":{"line":263,"column":0},"end":{"line":263,"column":24}},"263":{"start":{"line":264,"column":0},"end":{"line":264,"column":11}},"264":{"start":{"line":265,"column":0},"end":{"line":265,"column":9}},"265":{"start":{"line":266,"column":0},"end":{"line":266,"column":7}},"267":{"start":{"line":268,"column":0},"end":{"line":268,"column":36}},"268":{"start":{"line":269,"column":0},"end":{"line":269,"column":19}},"269":{"start":{"line":270,"column":0},"end":{"line":270,"column":6}},"271":{"start":{"line":272,"column":0},"end":{"line":272,"column":46}},"272":{"start":{"line":273,"column":0},"end":{"line":273,"column":53}},"273":{"start":{"line":274,"column":0},"end":{"line":274,"column":53}},"274":{"start":{"line":275,"column":0},"end":{"line":275,"column":7}},"275":{"start":{"line":276,"column":0},"end":{"line":276,"column":5}},"276":{"start":{"line":277,"column":0},"end":{"line":277,"column":3}},"281":{"start":{"line":282,"column":0},"end":{"line":282,"column":33}},"282":{"start":{"line":283,"column":0},"end":{"line":283,"column":31}},"283":{"start":{"line":284,"column":0},"end":{"line":284,"column":38}},"285":{"start":{"line":286,"column":0},"end":{"line":286,"column":45}},"286":{"start":{"line":287,"column":0},"end":{"line":287,"column":38}},"287":{"start":{"line":288,"column":0},"end":{"line":288,"column":26}},"289":{"start":{"line":290,"column":0},"end":{"line":290,"column":43}},"290":{"start":{"line":291,"column":0},"end":{"line":291,"column":17}},"291":{"start":{"line":292,"column":0},"end":{"line":292,"column":48}},"292":{"start":{"line":293,"column":0},"end":{"line":293,"column":23}},"293":{"start":{"line":294,"column":0},"end":{"line":294,"column":9}},"294":{"start":{"line":295,"column":0},"end":{"line":295,"column":7}},"296":{"start":{"line":297,"column":0},"end":{"line":297,"column":25}},"297":{"start":{"line":298,"column":0},"end":{"line":298,"column":6}},"299":{"start":{"line":300,"column":0},"end":{"line":300,"column":46}},"300":{"start":{"line":301,"column":0},"end":{"line":301,"column":20}},"301":{"start":{"line":302,"column":0},"end":{"line":302,"column":5}},"303":{"start":{"line":304,"column":0},"end":{"line":304,"column":17}},"304":{"start":{"line":305,"column":0},"end":{"line":305,"column":3}},"309":{"start":{"line":310,"column":0},"end":{"line":310,"column":20}},"310":{"start":{"line":311,"column":0},"end":{"line":311,"column":12}},"311":{"start":{"line":312,"column":0},"end":{"line":312,"column":19}},"312":{"start":{"line":313,"column":0},"end":{"line":313,"column":23}},"313":{"start":{"line":314,"column":0},"end":{"line":314,"column":37}},"314":{"start":{"line":315,"column":0},"end":{"line":315,"column":27}},"315":{"start":{"line":316,"column":0},"end":{"line":316,"column":35}},"316":{"start":{"line":317,"column":0},"end":{"line":317,"column":29}},"317":{"start":{"line":318,"column":0},"end":{"line":318,"column":27}},"318":{"start":{"line":319,"column":0},"end":{"line":319,"column":27}},"319":{"start":{"line":320,"column":0},"end":{"line":320,"column":43}},"320":{"start":{"line":321,"column":0},"end":{"line":321,"column":47}},"321":{"start":{"line":322,"column":0},"end":{"line":322,"column":47}},"322":{"start":{"line":323,"column":0},"end":{"line":323,"column":47}},"323":{"start":{"line":324,"column":0},"end":{"line":324,"column":6}},"324":{"start":{"line":325,"column":0},"end":{"line":325,"column":3}},"325":{"start":{"line":326,"column":0},"end":{"line":326,"column":1}}},"s":{"0":0,"18":0,"19":0,"20":0,"21":0,"22":0,"23":0,"24":0,"25":0,"26":0,"27":0,"28":0,"29":0,"30":0,"32":0,"44":0,"45":0,"46":0,"47":0,"48":0,"49":0,"50":0,"51":0,"52":0,"53":0,"54":0,"55":0,"56":0,"57":0,"60":0,"61":0,"62":0,"64":0,"65":0,"66":0,"68":0,"69":0,"70":0,"72":0,"73":0,"74":0,"76":0,"77":0,"78":0,"80":0,"81":0,"82":0,"84":0,"85":0,"86":0,"88":0,"89":0,"90":0,"92":0,"93":0,"94":0,"96":0,"97":0,"98":0,"100":0,"101":0,"102":0,"104":0,"105":0,"106":0,"111":0,"112":0,"113":0,"114":0,"115":0,"116":0,"117":0,"118":0,"119":0,"120":0,"121":0,"122":0,"123":0,"124":0,"125":0,"130":0,"131":0,"132":0,"133":0,"136":0,"137":0,"138":0,"139":0,"140":0,"142":0,"143":0,"144":0,"149":0,"150":0,"151":0,"152":0,"155":0,"156":0,"157":0,"158":0,"159":0,"161":0,"162":0,"163":0,"168":0,"169":0,"170":0,"175":0,"176":0,"177":0,"178":0,"180":0,"181":0,"182":0,"187":0,"188":0,"189":0,"190":0,"192":0,"193":0,"194":0,"199":0,"200":0,"201":0,"202":0,"205":0,"207":0,"208":0,"209":0,"210":0,"215":0,"216":0,"217":0,"218":0,"223":0,"224":0,"225":0,"226":0,"227":0,"228":0,"229":0,"230":0,"231":0,"232":0,"233":0,"234":0,"237":0,"238":0,"239":0,"241":0,"242":0,"247":0,"248":0,"249":0,"251":0,"252":0,"253":0,"255":0,"256":0,"257":0,"258":0,"259":0,"260":0,"261":0,"262":0,"263":0,"264":0,"265":0,"267":0,"268":0,"269":0,"271":0,"272":0,"273":0,"274":0,"275":0,"276":0,"281":0,"282":0,"283":0,"285":0,"286":0,"287":0,"289":0,"290":0,"291":0,"292":0,"293":0,"294":0,"296":0,"297":0,"299":0,"300":0,"301":0,"303":0,"304":0,"309":0,"310":0,"311":0,"312":0,"313":0,"314":0,"315":0,"316":0,"317":0,"318":0,"319":0,"320":0,"321":0,"322":0,"323":0,"324":0,"325":0},"branchMap":{"0":{"type":"branch","line":1,"loc":{"start":{"line":1,"column":7135},"end":{"line":326,"column":1}},"locations":[{"start":{"line":1,"column":7135},"end":{"line":326,"column":1}}]}},"b":{"0":[0]},"fnMap":{"0":{"name":"(empty-report)","decl":{"start":{"line":1,"column":7135},"end":{"line":326,"column":1}},"loc":{"start":{"line":1,"column":7135},"end":{"line":326,"column":1}},"line":1}},"f":{"0":0}}
}
